{"name":"hexo","hostname":"ycymiodeMacBook-Pro.local","pid":10120,"level":20,"msg":"Hexo version: \u001b[35m3.1.1\u001b[39m","time":"2016-02-15T09:11:17.229Z","v":0}
{"name":"hexo","hostname":"ycymiodeMacBook-Pro.local","pid":10120,"level":20,"msg":"Working directory: \u001b[35m~/Documents/blog/blog/\u001b[39m","time":"2016-02-15T09:11:17.233Z","v":0}
{"name":"hexo","hostname":"ycymiodeMacBook-Pro.local","pid":10120,"level":20,"msg":"Config loaded: \u001b[35m~/Documents/blog/blog/_config.yml\u001b[39m","time":"2016-02-15T09:11:17.317Z","v":0}
{"name":"hexo","hostname":"ycymiodeMacBook-Pro.local","pid":10120,"level":20,"msg":"Plugin loaded: \u001b[35mhexo-generator-archive\u001b[39m","time":"2016-02-15T09:11:17.331Z","v":0}
{"name":"hexo","hostname":"ycymiodeMacBook-Pro.local","pid":10120,"level":20,"msg":"Plugin loaded: \u001b[35mhexo-generator-category\u001b[39m","time":"2016-02-15T09:11:17.331Z","v":0}
{"name":"hexo","hostname":"ycymiodeMacBook-Pro.local","pid":10120,"level":20,"msg":"Plugin loaded: \u001b[35mhexo-deployer-git\u001b[39m","time":"2016-02-15T09:11:17.391Z","v":0}
{"name":"hexo","hostname":"ycymiodeMacBook-Pro.local","pid":10120,"level":20,"msg":"Plugin loaded: \u001b[35mhexo-generator-index\u001b[39m","time":"2016-02-15T09:11:17.392Z","v":0}
{"name":"hexo","hostname":"ycymiodeMacBook-Pro.local","pid":10120,"level":20,"msg":"Plugin loaded: \u001b[35mhexo-generator-tag\u001b[39m","time":"2016-02-15T09:11:17.394Z","v":0}
{"name":"hexo","hostname":"ycymiodeMacBook-Pro.local","pid":10120,"level":20,"msg":"Plugin loaded: \u001b[35mhexo-renderer-marked\u001b[39m","time":"2016-02-15T09:11:17.462Z","v":0}
{"name":"hexo","hostname":"ycymiodeMacBook-Pro.local","pid":10120,"level":20,"msg":"Plugin loaded: \u001b[35mhexo-renderer-ejs\u001b[39m","time":"2016-02-15T09:11:17.465Z","v":0}
{"name":"hexo","hostname":"ycymiodeMacBook-Pro.local","pid":10120,"level":20,"msg":"Plugin loaded: \u001b[35mhexo-renderer-stylus\u001b[39m","time":"2016-02-15T09:11:17.467Z","v":0}
{"name":"hexo","hostname":"ycymiodeMacBook-Pro.local","pid":10120,"level":20,"msg":"Plugin loaded: \u001b[35mhexo-server\u001b[39m","time":"2016-02-15T09:11:17.539Z","v":0}
{"name":"hexo","hostname":"ycymiodeMacBook-Pro.local","pid":10120,"level":20,"msg":"Script loaded: \u001b[35mthemes/next/scripts/filters/sticky.js\u001b[39m","time":"2016-02-15T09:11:17.541Z","v":0}
{"name":"hexo","hostname":"ycymiodeMacBook-Pro.local","pid":10120,"level":20,"msg":"Script loaded: \u001b[35mthemes/next/scripts/tags/center-quote.js\u001b[39m","time":"2016-02-15T09:11:17.541Z","v":0}
{"name":"hexo","hostname":"ycymiodeMacBook-Pro.local","pid":10120,"level":20,"msg":"Script loaded: \u001b[35mthemes/next/scripts/merge-configs.js\u001b[39m","time":"2016-02-15T09:11:17.542Z","v":0}
{"name":"hexo","hostname":"ycymiodeMacBook-Pro.local","pid":10120,"level":20,"msg":"Script loaded: \u001b[35mthemes/next/scripts/tags/full-image.js\u001b[39m","time":"2016-02-15T09:11:17.542Z","v":0}
{"name":"hexo","hostname":"ycymiodeMacBook-Pro.local","pid":10120,"level":20,"msg":"Script loaded: \u001b[35mthemes/next/scripts/tags/group-pictures.js\u001b[39m","time":"2016-02-15T09:11:17.543Z","v":0}
{"name":"hexo","hostname":"ycymiodeMacBook-Pro.local","pid":10120,"level":20,"msg":"Loading database.","time":"2016-02-15T09:11:17.556Z","v":0}
{"name":"hexo","hostname":"ycymiodeMacBook-Pro.local","pid":10120,"level":20,"msg":"Unchanged: \u001b[35msource/favicon.ico\u001b[39m","time":"2016-02-15T09:11:17.620Z","v":0}
{"name":"hexo","hostname":"ycymiodeMacBook-Pro.local","pid":10120,"level":20,"msg":"Unchanged: \u001b[35msource/_posts/hello-world.md\u001b[39m","time":"2016-02-15T09:11:17.620Z","v":0}
{"name":"hexo","hostname":"ycymiodeMacBook-Pro.local","pid":10120,"level":20,"msg":"Processed: \u001b[35mfavicon.ico\u001b[39m","time":"2016-02-15T09:11:17.631Z","v":0}
{"name":"hexo","hostname":"ycymiodeMacBook-Pro.local","pid":10120,"level":20,"msg":"Processed: \u001b[35m_posts/hello-world.md\u001b[39m","time":"2016-02-15T09:11:17.634Z","v":0}
{"name":"hexo","hostname":"ycymiodeMacBook-Pro.local","pid":10120,"level":20,"msg":"Deleted: \u001b[35mthemes/next/source/css/_common/_page/home.styl\u001b[39m","time":"2016-02-15T09:11:17.678Z","v":0}
{"name":"hexo","hostname":"ycymiodeMacBook-Pro.local","pid":10120,"level":20,"msg":"Deleted: \u001b[35mthemes/next/source/css/_mixins/default.styl\u001b[39m","time":"2016-02-15T09:11:17.679Z","v":0}
{"name":"hexo","hostname":"ycymiodeMacBook-Pro.local","pid":10120,"level":20,"msg":"Deleted: \u001b[35mthemes/next/languages/zh-CN.yml\u001b[39m","time":"2016-02-15T09:11:17.680Z","v":0}
{"name":"hexo","hostname":"ycymiodeMacBook-Pro.local","pid":10120,"level":20,"msg":"Deleted: \u001b[35mthemes/next/layout/_partials/old-browsers.swig\u001b[39m","time":"2016-02-15T09:11:17.692Z","v":0}
{"name":"hexo","hostname":"ycymiodeMacBook-Pro.local","pid":10120,"level":20,"msg":"Deleted: \u001b[35mthemes/next/layout/_scripts/analytics/baidu-analytics.swig\u001b[39m","time":"2016-02-15T09:11:17.693Z","v":0}
{"name":"hexo","hostname":"ycymiodeMacBook-Pro.local","pid":10120,"level":20,"msg":"Deleted: \u001b[35mthemes/next/layout/_scripts/analytics.swig\u001b[39m","time":"2016-02-15T09:11:17.694Z","v":0}
{"name":"hexo","hostname":"ycymiodeMacBook-Pro.local","pid":10120,"level":20,"msg":"Deleted: \u001b[35mthemes/next/layout/_scripts/analytics/facebook-sdk.swig\u001b[39m","time":"2016-02-15T09:11:17.694Z","v":0}
{"name":"hexo","hostname":"ycymiodeMacBook-Pro.local","pid":10120,"level":20,"msg":"Deleted: \u001b[35mthemes/next/layout/_scripts/baidushare.swig\u001b[39m","time":"2016-02-15T09:11:17.695Z","v":0}
{"name":"hexo","hostname":"ycymiodeMacBook-Pro.local","pid":10120,"level":20,"msg":"Deleted: \u001b[35mthemes/next/layout/_scripts/comments/disqus.swig\u001b[39m","time":"2016-02-15T09:11:17.696Z","v":0}
{"name":"hexo","hostname":"ycymiodeMacBook-Pro.local","pid":10120,"level":20,"msg":"Deleted: \u001b[35mthemes/next/layout/_scripts/comments/duoshuo.swig\u001b[39m","time":"2016-02-15T09:11:17.696Z","v":0}
{"name":"hexo","hostname":"ycymiodeMacBook-Pro.local","pid":10120,"level":20,"msg":"Deleted: \u001b[35mthemes/next/layout/_scripts/fancy-box.swig\u001b[39m","time":"2016-02-15T09:11:17.696Z","v":0}
{"name":"hexo","hostname":"ycymiodeMacBook-Pro.local","pid":10120,"level":20,"msg":"Deleted: \u001b[35mthemes/next/layout/_scripts/helpers.swig\u001b[39m","time":"2016-02-15T09:11:17.697Z","v":0}
{"name":"hexo","hostname":"ycymiodeMacBook-Pro.local","pid":10120,"level":20,"msg":"Deleted: \u001b[35mthemes/next/layout/_scripts/mathjax.swig\u001b[39m","time":"2016-02-15T09:11:17.698Z","v":0}
{"name":"hexo","hostname":"ycymiodeMacBook-Pro.local","pid":10120,"level":20,"msg":"Deleted: \u001b[35mthemes/next/layout/_scripts/motion.swig\u001b[39m","time":"2016-02-15T09:11:17.698Z","v":0}
{"name":"hexo","hostname":"ycymiodeMacBook-Pro.local","pid":10120,"level":20,"msg":"Deleted: \u001b[35mthemes/next/layout/_scripts/bootstrap.scrollspy.swig\u001b[39m","time":"2016-02-15T09:11:17.699Z","v":0}
{"name":"hexo","hostname":"ycymiodeMacBook-Pro.local","pid":10120,"level":20,"msg":"Deleted: \u001b[35mthemes/next/layout/_scripts/tinysou.swig\u001b[39m","time":"2016-02-15T09:11:17.699Z","v":0}
{"name":"hexo","hostname":"ycymiodeMacBook-Pro.local","pid":10120,"level":20,"msg":"Deleted: \u001b[35mthemes/next/source/css/_common/_component/back-to-top.styl\u001b[39m","time":"2016-02-15T09:11:17.701Z","v":0}
{"name":"hexo","hostname":"ycymiodeMacBook-Pro.local","pid":10120,"level":20,"msg":"Deleted: \u001b[35mthemes/next/source/css/_common/_component/blockquote-center.styl\u001b[39m","time":"2016-02-15T09:11:17.702Z","v":0}
{"name":"hexo","hostname":"ycymiodeMacBook-Pro.local","pid":10120,"level":20,"msg":"Deleted: \u001b[35mthemes/next/source/css/_common/_component/buttons.styl\u001b[39m","time":"2016-02-15T09:11:17.702Z","v":0}
{"name":"hexo","hostname":"ycymiodeMacBook-Pro.local","pid":10120,"level":20,"msg":"Deleted: \u001b[35mthemes/next/source/css/_common/_component/comments.styl\u001b[39m","time":"2016-02-15T09:11:17.702Z","v":0}
{"name":"hexo","hostname":"ycymiodeMacBook-Pro.local","pid":10120,"level":20,"msg":"Deleted: \u001b[35mthemes/next/source/css/_common/_component/duoshuo.styl\u001b[39m","time":"2016-02-15T09:11:17.703Z","v":0}
{"name":"hexo","hostname":"ycymiodeMacBook-Pro.local","pid":10120,"level":20,"msg":"Deleted: \u001b[35mthemes/next/source/css/_common/_component/gallery.styl\u001b[39m","time":"2016-02-15T09:11:17.703Z","v":0}
{"name":"hexo","hostname":"ycymiodeMacBook-Pro.local","pid":10120,"level":20,"msg":"Deleted: \u001b[35mthemes/next/source/css/_common/_component/group-pictures.styl\u001b[39m","time":"2016-02-15T09:11:17.703Z","v":0}
{"name":"hexo","hostname":"ycymiodeMacBook-Pro.local","pid":10120,"level":20,"msg":"Deleted: \u001b[35mthemes/next/source/css/_common/_component/jiathis.styl\u001b[39m","time":"2016-02-15T09:11:17.704Z","v":0}
{"name":"hexo","hostname":"ycymiodeMacBook-Pro.local","pid":10120,"level":20,"msg":"Deleted: \u001b[35mthemes/next/source/css/_common/_component/pagination.styl\u001b[39m","time":"2016-02-15T09:11:17.704Z","v":0}
{"name":"hexo","hostname":"ycymiodeMacBook-Pro.local","pid":10120,"level":20,"msg":"Deleted: \u001b[35mthemes/next/source/css/_common/_component/posts-collapse.styl\u001b[39m","time":"2016-02-15T09:11:17.705Z","v":0}
{"name":"hexo","hostname":"ycymiodeMacBook-Pro.local","pid":10120,"level":20,"msg":"Deleted: \u001b[35mthemes/next/source/css/_common/_component/posts-type.styl\u001b[39m","time":"2016-02-15T09:11:17.705Z","v":0}
{"name":"hexo","hostname":"ycymiodeMacBook-Pro.local","pid":10120,"level":20,"msg":"Deleted: \u001b[35mthemes/next/source/css/_common/_component/posts.styl\u001b[39m","time":"2016-02-15T09:11:17.705Z","v":0}
{"name":"hexo","hostname":"ycymiodeMacBook-Pro.local","pid":10120,"level":20,"msg":"Deleted: \u001b[35mthemes/next/source/css/_common/_component/tag-cloud.styl\u001b[39m","time":"2016-02-15T09:11:17.706Z","v":0}
{"name":"hexo","hostname":"ycymiodeMacBook-Pro.local","pid":10120,"level":20,"msg":"Deleted: \u001b[35mthemes/next/source/css/_common/_core/base.styl\u001b[39m","time":"2016-02-15T09:11:17.706Z","v":0}
{"name":"hexo","hostname":"ycymiodeMacBook-Pro.local","pid":10120,"level":20,"msg":"Deleted: \u001b[35mthemes/next/source/css/_common/_core/helpers.styl\u001b[39m","time":"2016-02-15T09:11:17.706Z","v":0}
{"name":"hexo","hostname":"ycymiodeMacBook-Pro.local","pid":10120,"level":20,"msg":"Deleted: \u001b[35mthemes/next/source/css/_common/_core/normalize.styl\u001b[39m","time":"2016-02-15T09:11:17.707Z","v":0}
{"name":"hexo","hostname":"ycymiodeMacBook-Pro.local","pid":10120,"level":20,"msg":"Deleted: \u001b[35mthemes/next/source/css/_common/_core/scaffolding.styl\u001b[39m","time":"2016-02-15T09:11:17.707Z","v":0}
{"name":"hexo","hostname":"ycymiodeMacBook-Pro.local","pid":10120,"level":20,"msg":"Deleted: \u001b[35mthemes/next/source/css/_common/_core/tables.styl\u001b[39m","time":"2016-02-15T09:11:17.708Z","v":0}
{"name":"hexo","hostname":"ycymiodeMacBook-Pro.local","pid":10120,"level":20,"msg":"Deleted: \u001b[35mthemes/next/source/css/_common/_fonts/icon-fifty-shades.styl\u001b[39m","time":"2016-02-15T09:11:17.708Z","v":0}
{"name":"hexo","hostname":"ycymiodeMacBook-Pro.local","pid":10120,"level":20,"msg":"Deleted: \u001b[35mthemes/next/source/css/_common/_fonts/icon-default.styl\u001b[39m","time":"2016-02-15T09:11:17.708Z","v":0}
{"name":"hexo","hostname":"ycymiodeMacBook-Pro.local","pid":10120,"level":20,"msg":"Deleted: \u001b[35mthemes/next/source/css/_common/_page/archive.styl\u001b[39m","time":"2016-02-15T09:11:17.708Z","v":0}
{"name":"hexo","hostname":"ycymiodeMacBook-Pro.local","pid":10120,"level":20,"msg":"Deleted: \u001b[35mthemes/next/source/css/_common/_page/categories.styl\u001b[39m","time":"2016-02-15T09:11:17.708Z","v":0}
{"name":"hexo","hostname":"ycymiodeMacBook-Pro.local","pid":10120,"level":20,"msg":"Deleted: \u001b[35mthemes/next/source/css/_common/_page/post-detail.styl\u001b[39m","time":"2016-02-15T09:11:17.708Z","v":0}
{"name":"hexo","hostname":"ycymiodeMacBook-Pro.local","pid":10120,"level":20,"msg":"Deleted: \u001b[35mthemes/next/source/css/_common/_fonts/icon-font.styl\u001b[39m","time":"2016-02-15T09:11:17.708Z","v":0}
{"name":"hexo","hostname":"ycymiodeMacBook-Pro.local","pid":10120,"level":20,"msg":"Deleted: \u001b[35mthemes/next/source/css/_common/_fonts/icon-feather.styl\u001b[39m","time":"2016-02-15T09:11:17.709Z","v":0}
{"name":"hexo","hostname":"ycymiodeMacBook-Pro.local","pid":10120,"level":20,"msg":"Deleted: \u001b[35mthemes/next/source/css/_common/_section/body.styl\u001b[39m","time":"2016-02-15T09:11:17.709Z","v":0}
{"name":"hexo","hostname":"ycymiodeMacBook-Pro.local","pid":10120,"level":20,"msg":"Deleted: \u001b[35mthemes/next/source/css/_common/_fonts/icon-linecons.styl\u001b[39m","time":"2016-02-15T09:11:17.709Z","v":0}
{"name":"hexo","hostname":"ycymiodeMacBook-Pro.local","pid":10120,"level":20,"msg":"Deleted: \u001b[35mthemes/next/source/css/_common/_section/footer.styl\u001b[39m","time":"2016-02-15T09:11:17.710Z","v":0}
{"name":"hexo","hostname":"ycymiodeMacBook-Pro.local","pid":10120,"level":20,"msg":"Deleted: \u001b[35mthemes/next/source/css/_common/_section/layout.styl\u001b[39m","time":"2016-02-15T09:11:17.711Z","v":0}
{"name":"hexo","hostname":"ycymiodeMacBook-Pro.local","pid":10120,"level":20,"msg":"Deleted: \u001b[35mthemes/next/source/css/_common/_section/media.styl\u001b[39m","time":"2016-02-15T09:11:17.711Z","v":0}
{"name":"hexo","hostname":"ycymiodeMacBook-Pro.local","pid":10120,"level":20,"msg":"Deleted: \u001b[35mthemes/next/source/css/_common/_section/sidebar.styl\u001b[39m","time":"2016-02-15T09:11:17.712Z","v":0}
{"name":"hexo","hostname":"ycymiodeMacBook-Pro.local","pid":10120,"level":20,"msg":"Deleted: \u001b[35mthemes/next/source/css/_common/_vendor/highlight/highlight.styl\u001b[39m","time":"2016-02-15T09:11:17.712Z","v":0}
{"name":"hexo","hostname":"ycymiodeMacBook-Pro.local","pid":10120,"level":20,"msg":"Deleted: \u001b[35mthemes/next/source/css/_common/_vendor/highlight/theme.styl\u001b[39m","time":"2016-02-15T09:11:17.713Z","v":0}
{"name":"hexo","hostname":"ycymiodeMacBook-Pro.local","pid":10120,"level":20,"msg":"Deleted: \u001b[35mthemes/next/source/css/_schemes/default/_logo.styl\u001b[39m","time":"2016-02-15T09:11:17.714Z","v":0}
{"name":"hexo","hostname":"ycymiodeMacBook-Pro.local","pid":10120,"level":20,"msg":"Deleted: \u001b[35mthemes/next/source/css/_schemes/default/_menu.styl\u001b[39m","time":"2016-02-15T09:11:17.715Z","v":0}
{"name":"hexo","hostname":"ycymiodeMacBook-Pro.local","pid":10120,"level":20,"msg":"Deleted: \u001b[35mthemes/next/source/css/_schemes/default/index.styl\u001b[39m","time":"2016-02-15T09:11:17.716Z","v":0}
{"name":"hexo","hostname":"ycymiodeMacBook-Pro.local","pid":10120,"level":20,"msg":"Deleted: \u001b[35mthemes/next/source/css/_schemes/default/_search.styl\u001b[39m","time":"2016-02-15T09:11:17.716Z","v":0}
{"name":"hexo","hostname":"ycymiodeMacBook-Pro.local","pid":10120,"level":20,"msg":"Deleted: \u001b[35mthemes/next/source/favicon.ico\u001b[39m","time":"2016-02-15T09:11:17.717Z","v":0}
{"name":"hexo","hostname":"ycymiodeMacBook-Pro.local","pid":10120,"level":20,"msg":"Deleted: \u001b[35mthemes/next/source/js/bootstrap.js\u001b[39m","time":"2016-02-15T09:11:17.718Z","v":0}
{"name":"hexo","hostname":"ycymiodeMacBook-Pro.local","pid":10120,"level":20,"msg":"Deleted: \u001b[35mthemes/next/source/js/fancy-box.js\u001b[39m","time":"2016-02-15T09:11:17.719Z","v":0}
{"name":"hexo","hostname":"ycymiodeMacBook-Pro.local","pid":10120,"level":20,"msg":"Deleted: \u001b[35mthemes/next/source/js/bootstrap.scrollspy.js\u001b[39m","time":"2016-02-15T09:11:17.719Z","v":0}
{"name":"hexo","hostname":"ycymiodeMacBook-Pro.local","pid":10120,"level":20,"msg":"Deleted: \u001b[35mthemes/next/source/js/helpers.js\u001b[39m","time":"2016-02-15T09:11:17.719Z","v":0}
{"name":"hexo","hostname":"ycymiodeMacBook-Pro.local","pid":10120,"level":20,"msg":"Deleted: \u001b[35mthemes/next/source/js/motion.js\u001b[39m","time":"2016-02-15T09:11:17.719Z","v":0}
{"name":"hexo","hostname":"ycymiodeMacBook-Pro.local","pid":10120,"level":20,"msg":"Deleted: \u001b[35mthemes/next/source/js/hook-duoshuo.js\u001b[39m","time":"2016-02-15T09:11:17.720Z","v":0}
{"name":"hexo","hostname":"ycymiodeMacBook-Pro.local","pid":10120,"level":20,"msg":"Deleted: \u001b[35mthemes/next/source/js/ua-parser.min.js\u001b[39m","time":"2016-02-15T09:11:17.721Z","v":0}
{"name":"hexo","hostname":"ycymiodeMacBook-Pro.local","pid":10120,"level":20,"msg":"Added: \u001b[35mthemes/next/layout/_scripts/schemes/mist.swig\u001b[39m","time":"2016-02-15T09:11:17.758Z","v":0}
{"name":"hexo","hostname":"ycymiodeMacBook-Pro.local","pid":10120,"level":20,"msg":"Added: \u001b[35mthemes/next/layout/_scripts/schemes/muse.swig\u001b[39m","time":"2016-02-15T09:11:17.759Z","v":0}
{"name":"hexo","hostname":"ycymiodeMacBook-Pro.local","pid":10120,"level":20,"msg":"Added: \u001b[35mthemes/next/source/css/_mixins/Muse.styl\u001b[39m","time":"2016-02-15T09:11:17.759Z","v":0}
{"name":"hexo","hostname":"ycymiodeMacBook-Pro.local","pid":10120,"level":20,"msg":"Added: \u001b[35mthemes/next/source/css/_variables/Muse.styl\u001b[39m","time":"2016-02-15T09:11:17.759Z","v":0}
{"name":"hexo","hostname":"ycymiodeMacBook-Pro.local","pid":10120,"level":20,"msg":"Unchanged: \u001b[35mthemes/next/source/css/_mixins/Mist.styl\u001b[39m","time":"2016-02-15T09:11:17.759Z","v":0}
{"name":"hexo","hostname":"ycymiodeMacBook-Pro.local","pid":10120,"level":20,"msg":"Unchanged: \u001b[35mthemes/next/source/css/_mixins/custom.styl\u001b[39m","time":"2016-02-15T09:11:17.759Z","v":0}
{"name":"hexo","hostname":"ycymiodeMacBook-Pro.local","pid":10120,"level":20,"msg":"Unchanged: \u001b[35mthemes/next/source/css/_variables/custom.styl\u001b[39m","time":"2016-02-15T09:11:17.760Z","v":0}
{"name":"hexo","hostname":"ycymiodeMacBook-Pro.local","pid":10120,"level":20,"msg":"Added: \u001b[35mthemes/next/gulpfile.coffee\u001b[39m","time":"2016-02-15T09:11:17.777Z","v":0}
{"name":"hexo","hostname":"ycymiodeMacBook-Pro.local","pid":10120,"level":20,"msg":"Added: \u001b[35mthemes/next/languages/zh-Hans.yml\u001b[39m","time":"2016-02-15T09:11:17.777Z","v":0}
{"name":"hexo","hostname":"ycymiodeMacBook-Pro.local","pid":10120,"level":20,"msg":"Added: \u001b[35mthemes/next/layout/_partials/share/add-this.swig\u001b[39m","time":"2016-02-15T09:11:17.778Z","v":0}
{"name":"hexo","hostname":"ycymiodeMacBook-Pro.local","pid":10120,"level":20,"msg":"Added: \u001b[35mthemes/next/layout/_scripts/boostrap.swig\u001b[39m","time":"2016-02-15T09:11:17.778Z","v":0}
{"name":"hexo","hostname":"ycymiodeMacBook-Pro.local","pid":10120,"level":20,"msg":"Added: \u001b[35mthemes/next/layout/_scripts/commons.swig\u001b[39m","time":"2016-02-15T09:11:17.778Z","v":0}
{"name":"hexo","hostname":"ycymiodeMacBook-Pro.local","pid":10120,"level":20,"msg":"Added: \u001b[35mthemes/next/layout/_scripts/schemes/pisces.swig\u001b[39m","time":"2016-02-15T09:11:17.778Z","v":0}
{"name":"hexo","hostname":"ycymiodeMacBook-Pro.local","pid":10120,"level":20,"msg":"Added: \u001b[35mthemes/next/layout/_scripts/third-party/analytics/baidu-analytics.swig\u001b[39m","time":"2016-02-15T09:11:17.778Z","v":0}
{"name":"hexo","hostname":"ycymiodeMacBook-Pro.local","pid":10120,"level":20,"msg":"Added: \u001b[35mthemes/next/layout/_scripts/third-party/analytics/facebook-sdk.swig\u001b[39m","time":"2016-02-15T09:11:17.779Z","v":0}
{"name":"hexo","hostname":"ycymiodeMacBook-Pro.local","pid":10120,"level":20,"msg":"Added: \u001b[35mthemes/next/layout/_scripts/third-party/analytics/google-analytics.swig\u001b[39m","time":"2016-02-15T09:11:17.779Z","v":0}
{"name":"hexo","hostname":"ycymiodeMacBook-Pro.local","pid":10120,"level":20,"msg":"Added: \u001b[35mthemes/next/layout/_scripts/third-party/analytics/tencent-analytics.swig\u001b[39m","time":"2016-02-15T09:11:17.779Z","v":0}
{"name":"hexo","hostname":"ycymiodeMacBook-Pro.local","pid":10120,"level":20,"msg":"Added: \u001b[35mthemes/next/layout/_scripts/third-party/analytics.swig\u001b[39m","time":"2016-02-15T09:11:17.779Z","v":0}
{"name":"hexo","hostname":"ycymiodeMacBook-Pro.local","pid":10120,"level":20,"msg":"Added: \u001b[35mthemes/next/layout/_scripts/third-party/baidushare.swig\u001b[39m","time":"2016-02-15T09:11:17.779Z","v":0}
{"name":"hexo","hostname":"ycymiodeMacBook-Pro.local","pid":10120,"level":20,"msg":"Added: \u001b[35mthemes/next/layout/_scripts/third-party/comments/disqus.swig\u001b[39m","time":"2016-02-15T09:11:17.779Z","v":0}
{"name":"hexo","hostname":"ycymiodeMacBook-Pro.local","pid":10120,"level":20,"msg":"Added: \u001b[35mthemes/next/layout/_scripts/third-party/comments/duoshuo.swig\u001b[39m","time":"2016-02-15T09:11:17.780Z","v":0}
{"name":"hexo","hostname":"ycymiodeMacBook-Pro.local","pid":10120,"level":20,"msg":"Added: \u001b[35mthemes/next/layout/_scripts/third-party/comments.swig\u001b[39m","time":"2016-02-15T09:11:17.780Z","v":0}
{"name":"hexo","hostname":"ycymiodeMacBook-Pro.local","pid":10120,"level":20,"msg":"Added: \u001b[35mthemes/next/layout/_scripts/third-party/lean-analytics.swig\u001b[39m","time":"2016-02-15T09:11:17.780Z","v":0}
{"name":"hexo","hostname":"ycymiodeMacBook-Pro.local","pid":10120,"level":20,"msg":"Added: \u001b[35mthemes/next/layout/_scripts/third-party/tinysou.swig\u001b[39m","time":"2016-02-15T09:11:17.780Z","v":0}
{"name":"hexo","hostname":"ycymiodeMacBook-Pro.local","pid":10120,"level":20,"msg":"Added: \u001b[35mthemes/next/layout/_scripts/third-party/mathjax.swig\u001b[39m","time":"2016-02-15T09:11:17.780Z","v":0}
{"name":"hexo","hostname":"ycymiodeMacBook-Pro.local","pid":10120,"level":20,"msg":"Added: \u001b[35mthemes/next/layout/_scripts/vendors.swig\u001b[39m","time":"2016-02-15T09:11:17.780Z","v":0}
{"name":"hexo","hostname":"ycymiodeMacBook-Pro.local","pid":10120,"level":20,"msg":"Added: \u001b[35mthemes/next/package.json\u001b[39m","time":"2016-02-15T09:11:17.781Z","v":0}
{"name":"hexo","hostname":"ycymiodeMacBook-Pro.local","pid":10120,"level":20,"msg":"Added: \u001b[35mthemes/next/source/css/_common/components/back-to-top.styl\u001b[39m","time":"2016-02-15T09:11:17.781Z","v":0}
{"name":"hexo","hostname":"ycymiodeMacBook-Pro.local","pid":10120,"level":20,"msg":"Added: \u001b[35mthemes/next/source/css/_common/components/buttons.styl\u001b[39m","time":"2016-02-15T09:11:17.781Z","v":0}
{"name":"hexo","hostname":"ycymiodeMacBook-Pro.local","pid":10120,"level":20,"msg":"Added: \u001b[35mthemes/next/source/css/_common/components/comments.styl\u001b[39m","time":"2016-02-15T09:11:17.781Z","v":0}
{"name":"hexo","hostname":"ycymiodeMacBook-Pro.local","pid":10120,"level":20,"msg":"Added: \u001b[35mthemes/next/source/css/_common/components/footer/footer.styl\u001b[39m","time":"2016-02-15T09:11:17.781Z","v":0}
{"name":"hexo","hostname":"ycymiodeMacBook-Pro.local","pid":10120,"level":20,"msg":"Added: \u001b[35mthemes/next/source/css/_common/components/components.styl\u001b[39m","time":"2016-02-15T09:11:17.781Z","v":0}
{"name":"hexo","hostname":"ycymiodeMacBook-Pro.local","pid":10120,"level":20,"msg":"Added: \u001b[35mthemes/next/source/css/_common/components/header/header.styl\u001b[39m","time":"2016-02-15T09:11:17.782Z","v":0}
{"name":"hexo","hostname":"ycymiodeMacBook-Pro.local","pid":10120,"level":20,"msg":"Added: \u001b[35mthemes/next/source/css/_common/components/header/headerband.styl\u001b[39m","time":"2016-02-15T09:11:17.782Z","v":0}
{"name":"hexo","hostname":"ycymiodeMacBook-Pro.local","pid":10120,"level":20,"msg":"Added: \u001b[35mthemes/next/source/css/_common/components/header/menu.styl\u001b[39m","time":"2016-02-15T09:11:17.782Z","v":0}
{"name":"hexo","hostname":"ycymiodeMacBook-Pro.local","pid":10120,"level":20,"msg":"Added: \u001b[35mthemes/next/source/css/_common/components/header/site-meta.styl\u001b[39m","time":"2016-02-15T09:11:17.782Z","v":0}
{"name":"hexo","hostname":"ycymiodeMacBook-Pro.local","pid":10120,"level":20,"msg":"Added: \u001b[35mthemes/next/source/css/_common/components/header/site-nav.styl\u001b[39m","time":"2016-02-15T09:11:17.782Z","v":0}
{"name":"hexo","hostname":"ycymiodeMacBook-Pro.local","pid":10120,"level":20,"msg":"Added: \u001b[35mthemes/next/source/css/_common/components/highlight/highlight.styl\u001b[39m","time":"2016-02-15T09:11:17.782Z","v":0}
{"name":"hexo","hostname":"ycymiodeMacBook-Pro.local","pid":10120,"level":20,"msg":"Added: \u001b[35mthemes/next/source/css/_common/components/highlight/theme.styl\u001b[39m","time":"2016-02-15T09:11:17.782Z","v":0}
{"name":"hexo","hostname":"ycymiodeMacBook-Pro.local","pid":10120,"level":20,"msg":"Added: \u001b[35mthemes/next/source/css/_common/components/pages/archive.styl\u001b[39m","time":"2016-02-15T09:11:17.783Z","v":0}
{"name":"hexo","hostname":"ycymiodeMacBook-Pro.local","pid":10120,"level":20,"msg":"Added: \u001b[35mthemes/next/source/css/_common/components/pages/categories.styl\u001b[39m","time":"2016-02-15T09:11:17.783Z","v":0}
{"name":"hexo","hostname":"ycymiodeMacBook-Pro.local","pid":10120,"level":20,"msg":"Added: \u001b[35mthemes/next/source/css/_common/components/pages/pages.styl\u001b[39m","time":"2016-02-15T09:11:17.783Z","v":0}
{"name":"hexo","hostname":"ycymiodeMacBook-Pro.local","pid":10120,"level":20,"msg":"Added: \u001b[35mthemes/next/source/css/_common/components/pages/post-detail.styl\u001b[39m","time":"2016-02-15T09:11:17.783Z","v":0}
{"name":"hexo","hostname":"ycymiodeMacBook-Pro.local","pid":10120,"level":20,"msg":"Added: \u001b[35mthemes/next/source/css/_common/components/pagination.styl\u001b[39m","time":"2016-02-15T09:11:17.784Z","v":0}
{"name":"hexo","hostname":"ycymiodeMacBook-Pro.local","pid":10120,"level":20,"msg":"Added: \u001b[35mthemes/next/source/css/_common/components/post/post-collapse.styl\u001b[39m","time":"2016-02-15T09:11:17.784Z","v":0}
{"name":"hexo","hostname":"ycymiodeMacBook-Pro.local","pid":10120,"level":20,"msg":"Added: \u001b[35mthemes/next/source/css/_common/components/post/post-eof.styl\u001b[39m","time":"2016-02-15T09:11:17.787Z","v":0}
{"name":"hexo","hostname":"ycymiodeMacBook-Pro.local","pid":10120,"level":20,"msg":"Added: \u001b[35mthemes/next/source/css/_common/components/post/post-expand.styl\u001b[39m","time":"2016-02-15T09:11:17.788Z","v":0}
{"name":"hexo","hostname":"ycymiodeMacBook-Pro.local","pid":10120,"level":20,"msg":"Added: \u001b[35mthemes/next/source/css/_common/components/post/post-gallery.styl\u001b[39m","time":"2016-02-15T09:11:17.789Z","v":0}
{"name":"hexo","hostname":"ycymiodeMacBook-Pro.local","pid":10120,"level":20,"msg":"Added: \u001b[35mthemes/next/source/css/_common/components/post/post-meta.styl\u001b[39m","time":"2016-02-15T09:11:17.789Z","v":0}
{"name":"hexo","hostname":"ycymiodeMacBook-Pro.local","pid":10120,"level":20,"msg":"Added: \u001b[35mthemes/next/source/css/_common/components/post/post-more-link.styl\u001b[39m","time":"2016-02-15T09:11:17.790Z","v":0}
{"name":"hexo","hostname":"ycymiodeMacBook-Pro.local","pid":10120,"level":20,"msg":"Added: \u001b[35mthemes/next/source/css/_common/components/post/post-nav.styl\u001b[39m","time":"2016-02-15T09:11:17.791Z","v":0}
{"name":"hexo","hostname":"ycymiodeMacBook-Pro.local","pid":10120,"level":20,"msg":"Added: \u001b[35mthemes/next/source/css/_common/components/post/post-tags.styl\u001b[39m","time":"2016-02-15T09:11:17.791Z","v":0}
{"name":"hexo","hostname":"ycymiodeMacBook-Pro.local","pid":10120,"level":20,"msg":"Added: \u001b[35mthemes/next/source/css/_common/components/post/post-title.styl\u001b[39m","time":"2016-02-15T09:11:17.791Z","v":0}
{"name":"hexo","hostname":"ycymiodeMacBook-Pro.local","pid":10120,"level":20,"msg":"Added: \u001b[35mthemes/next/source/css/_common/components/post/post.styl\u001b[39m","time":"2016-02-15T09:11:17.792Z","v":0}
{"name":"hexo","hostname":"ycymiodeMacBook-Pro.local","pid":10120,"level":20,"msg":"Added: \u001b[35mthemes/next/source/css/_common/components/post/post-type.styl\u001b[39m","time":"2016-02-15T09:11:17.792Z","v":0}
{"name":"hexo","hostname":"ycymiodeMacBook-Pro.local","pid":10120,"level":20,"msg":"Added: \u001b[35mthemes/next/source/css/_common/components/sidebar/sidebar-author-links.styl\u001b[39m","time":"2016-02-15T09:11:17.792Z","v":0}
{"name":"hexo","hostname":"ycymiodeMacBook-Pro.local","pid":10120,"level":20,"msg":"Added: \u001b[35mthemes/next/source/css/_common/components/sidebar/sidebar-author.styl\u001b[39m","time":"2016-02-15T09:11:17.792Z","v":0}
{"name":"hexo","hostname":"ycymiodeMacBook-Pro.local","pid":10120,"level":20,"msg":"Added: \u001b[35mthemes/next/source/css/_common/components/sidebar/sidebar-feed-link.styl\u001b[39m","time":"2016-02-15T09:11:17.792Z","v":0}
{"name":"hexo","hostname":"ycymiodeMacBook-Pro.local","pid":10120,"level":20,"msg":"Added: \u001b[35mthemes/next/source/css/_common/components/sidebar/sidebar-nav.styl\u001b[39m","time":"2016-02-15T09:11:17.793Z","v":0}
{"name":"hexo","hostname":"ycymiodeMacBook-Pro.local","pid":10120,"level":20,"msg":"Added: \u001b[35mthemes/next/source/css/_common/components/sidebar/sidebar-toc.styl\u001b[39m","time":"2016-02-15T09:11:17.793Z","v":0}
{"name":"hexo","hostname":"ycymiodeMacBook-Pro.local","pid":10120,"level":20,"msg":"Added: \u001b[35mthemes/next/source/css/_common/components/sidebar/sidebar-toggle.styl\u001b[39m","time":"2016-02-15T09:11:17.793Z","v":0}
{"name":"hexo","hostname":"ycymiodeMacBook-Pro.local","pid":10120,"level":20,"msg":"Added: \u001b[35mthemes/next/source/css/_common/components/sidebar/sidebar.styl\u001b[39m","time":"2016-02-15T09:11:17.793Z","v":0}
{"name":"hexo","hostname":"ycymiodeMacBook-Pro.local","pid":10120,"level":20,"msg":"Added: \u001b[35mthemes/next/source/css/_common/components/sidebar/site-state.styl\u001b[39m","time":"2016-02-15T09:11:17.794Z","v":0}
{"name":"hexo","hostname":"ycymiodeMacBook-Pro.local","pid":10120,"level":20,"msg":"Added: \u001b[35mthemes/next/source/css/_common/components/tag-cloud.styl\u001b[39m","time":"2016-02-15T09:11:17.794Z","v":0}
{"name":"hexo","hostname":"ycymiodeMacBook-Pro.local","pid":10120,"level":20,"msg":"Added: \u001b[35mthemes/next/source/css/_common/components/tags/blockquote-center.styl\u001b[39m","time":"2016-02-15T09:11:17.794Z","v":0}
{"name":"hexo","hostname":"ycymiodeMacBook-Pro.local","pid":10120,"level":20,"msg":"Added: \u001b[35mthemes/next/source/css/_common/components/tags/full-image.styl\u001b[39m","time":"2016-02-15T09:11:17.794Z","v":0}
{"name":"hexo","hostname":"ycymiodeMacBook-Pro.local","pid":10120,"level":20,"msg":"Added: \u001b[35mthemes/next/source/css/_common/components/tags/group-pictures.styl\u001b[39m","time":"2016-02-15T09:11:17.794Z","v":0}
{"name":"hexo","hostname":"ycymiodeMacBook-Pro.local","pid":10120,"level":20,"msg":"Added: \u001b[35mthemes/next/source/css/_common/components/tags/tags.styl\u001b[39m","time":"2016-02-15T09:11:17.795Z","v":0}
{"name":"hexo","hostname":"ycymiodeMacBook-Pro.local","pid":10120,"level":20,"msg":"Added: \u001b[35mthemes/next/source/css/_common/components/third-party/duoshuo.styl\u001b[39m","time":"2016-02-15T09:11:17.795Z","v":0}
{"name":"hexo","hostname":"ycymiodeMacBook-Pro.local","pid":10120,"level":20,"msg":"Added: \u001b[35mthemes/next/source/css/_common/components/third-party/jiathis.styl\u001b[39m","time":"2016-02-15T09:11:17.795Z","v":0}
{"name":"hexo","hostname":"ycymiodeMacBook-Pro.local","pid":10120,"level":20,"msg":"Added: \u001b[35mthemes/next/source/css/_common/components/third-party/third-party.styl\u001b[39m","time":"2016-02-15T09:11:17.796Z","v":0}
{"name":"hexo","hostname":"ycymiodeMacBook-Pro.local","pid":10120,"level":20,"msg":"Added: \u001b[35mthemes/next/source/css/_common/outline/outline.styl\u001b[39m","time":"2016-02-15T09:11:17.796Z","v":0}
{"name":"hexo","hostname":"ycymiodeMacBook-Pro.local","pid":10120,"level":20,"msg":"Added: \u001b[35mthemes/next/source/css/_common/scaffolding/base.styl\u001b[39m","time":"2016-02-15T09:11:17.796Z","v":0}
{"name":"hexo","hostname":"ycymiodeMacBook-Pro.local","pid":10120,"level":20,"msg":"Added: \u001b[35mthemes/next/source/css/_common/scaffolding/helpers.styl\u001b[39m","time":"2016-02-15T09:11:17.797Z","v":0}
{"name":"hexo","hostname":"ycymiodeMacBook-Pro.local","pid":10120,"level":20,"msg":"Added: \u001b[35mthemes/next/source/css/_common/scaffolding/normalize.styl\u001b[39m","time":"2016-02-15T09:11:17.797Z","v":0}
{"name":"hexo","hostname":"ycymiodeMacBook-Pro.local","pid":10120,"level":20,"msg":"Added: \u001b[35mthemes/next/source/css/_common/scaffolding/scaffolding.styl\u001b[39m","time":"2016-02-15T09:11:17.797Z","v":0}
{"name":"hexo","hostname":"ycymiodeMacBook-Pro.local","pid":10120,"level":20,"msg":"Added: \u001b[35mthemes/next/source/css/_common/scaffolding/tables.styl\u001b[39m","time":"2016-02-15T09:11:17.798Z","v":0}
{"name":"hexo","hostname":"ycymiodeMacBook-Pro.local","pid":10120,"level":20,"msg":"Added: \u001b[35mthemes/next/source/css/_mixins/Pisces.styl\u001b[39m","time":"2016-02-15T09:11:17.798Z","v":0}
{"name":"hexo","hostname":"ycymiodeMacBook-Pro.local","pid":10120,"level":20,"msg":"Added: \u001b[35mthemes/next/source/css/_schemes/Muse/_logo.styl\u001b[39m","time":"2016-02-15T09:11:17.798Z","v":0}
{"name":"hexo","hostname":"ycymiodeMacBook-Pro.local","pid":10120,"level":20,"msg":"Added: \u001b[35mthemes/next/source/css/_schemes/Muse/_menu.styl\u001b[39m","time":"2016-02-15T09:11:17.798Z","v":0}
{"name":"hexo","hostname":"ycymiodeMacBook-Pro.local","pid":10120,"level":20,"msg":"Added: \u001b[35mthemes/next/source/css/_schemes/Muse/_search.styl\u001b[39m","time":"2016-02-15T09:11:17.798Z","v":0}
{"name":"hexo","hostname":"ycymiodeMacBook-Pro.local","pid":10120,"level":20,"msg":"Added: \u001b[35mthemes/next/source/css/_schemes/Muse/index.styl\u001b[39m","time":"2016-02-15T09:11:17.798Z","v":0}
{"name":"hexo","hostname":"ycymiodeMacBook-Pro.local","pid":10120,"level":20,"msg":"Added: \u001b[35mthemes/next/source/css/_schemes/Pisces/_brand.styl\u001b[39m","time":"2016-02-15T09:11:17.799Z","v":0}
{"name":"hexo","hostname":"ycymiodeMacBook-Pro.local","pid":10120,"level":20,"msg":"Added: \u001b[35mthemes/next/source/css/_schemes/Pisces/_full-image.styl\u001b[39m","time":"2016-02-15T09:11:17.799Z","v":0}
{"name":"hexo","hostname":"ycymiodeMacBook-Pro.local","pid":10120,"level":20,"msg":"Added: \u001b[35mthemes/next/source/css/_schemes/Pisces/_layout.styl\u001b[39m","time":"2016-02-15T09:11:17.799Z","v":0}
{"name":"hexo","hostname":"ycymiodeMacBook-Pro.local","pid":10120,"level":20,"msg":"Added: \u001b[35mthemes/next/source/css/_schemes/Pisces/_menu.styl\u001b[39m","time":"2016-02-15T09:11:17.799Z","v":0}
{"name":"hexo","hostname":"ycymiodeMacBook-Pro.local","pid":10120,"level":20,"msg":"Added: \u001b[35mthemes/next/source/css/_schemes/Pisces/_posts.styl\u001b[39m","time":"2016-02-15T09:11:17.799Z","v":0}
{"name":"hexo","hostname":"ycymiodeMacBook-Pro.local","pid":10120,"level":20,"msg":"Added: \u001b[35mthemes/next/source/css/_schemes/Pisces/_sidebar.styl\u001b[39m","time":"2016-02-15T09:11:17.799Z","v":0}
{"name":"hexo","hostname":"ycymiodeMacBook-Pro.local","pid":10120,"level":20,"msg":"Added: \u001b[35mthemes/next/source/css/_schemes/Pisces/index.styl\u001b[39m","time":"2016-02-15T09:11:17.800Z","v":0}
{"name":"hexo","hostname":"ycymiodeMacBook-Pro.local","pid":10120,"level":20,"msg":"Added: \u001b[35mthemes/next/source/css/_variables/Pisces.styl\u001b[39m","time":"2016-02-15T09:11:17.800Z","v":0}
{"name":"hexo","hostname":"ycymiodeMacBook-Pro.local","pid":10120,"level":20,"msg":"Added: \u001b[35mthemes/next/source/js/src/affix.js\u001b[39m","time":"2016-02-15T09:11:17.800Z","v":0}
{"name":"hexo","hostname":"ycymiodeMacBook-Pro.local","pid":10120,"level":20,"msg":"Added: \u001b[35mthemes/next/source/js/src/bootstrap.js\u001b[39m","time":"2016-02-15T09:11:17.800Z","v":0}
{"name":"hexo","hostname":"ycymiodeMacBook-Pro.local","pid":10120,"level":20,"msg":"Added: \u001b[35mthemes/next/source/js/src/hook-duoshuo.js\u001b[39m","time":"2016-02-15T09:11:17.800Z","v":0}
{"name":"hexo","hostname":"ycymiodeMacBook-Pro.local","pid":10120,"level":20,"msg":"Added: \u001b[35mthemes/next/source/js/src/motion.js\u001b[39m","time":"2016-02-15T09:11:17.801Z","v":0}
{"name":"hexo","hostname":"ycymiodeMacBook-Pro.local","pid":10120,"level":20,"msg":"Added: \u001b[35mthemes/next/source/js/src/schemes/pisces.js\u001b[39m","time":"2016-02-15T09:11:17.801Z","v":0}
{"name":"hexo","hostname":"ycymiodeMacBook-Pro.local","pid":10120,"level":20,"msg":"Added: \u001b[35mthemes/next/source/js/src/scrollspy.js\u001b[39m","time":"2016-02-15T09:11:17.801Z","v":0}
{"name":"hexo","hostname":"ycymiodeMacBook-Pro.local","pid":10120,"level":20,"msg":"Added: \u001b[35mthemes/next/source/js/src/utils.js\u001b[39m","time":"2016-02-15T09:11:17.801Z","v":0}
{"name":"hexo","hostname":"ycymiodeMacBook-Pro.local","pid":10120,"level":20,"msg":"Added: \u001b[35mthemes/next/source/vendors/ua-parser-js/dist/ua-parser.min.js\u001b[39m","time":"2016-02-15T09:11:17.801Z","v":0}
{"name":"hexo","hostname":"ycymiodeMacBook-Pro.local","pid":10120,"level":20,"msg":"Added: \u001b[35mthemes/next/source/vendors/ua-parser-js/dist/ua-parser.pack.js\u001b[39m","time":"2016-02-15T09:11:17.801Z","v":0}
{"name":"hexo","hostname":"ycymiodeMacBook-Pro.local","pid":10120,"level":20,"msg":"Updated: \u001b[35mthemes/next/source/css/_variables/default.styl\u001b[39m","time":"2016-02-15T09:11:17.802Z","v":0}
{"name":"hexo","hostname":"ycymiodeMacBook-Pro.local","pid":10120,"level":20,"msg":"Unchanged: \u001b[35mthemes/next/README.en.md\u001b[39m","time":"2016-02-15T09:11:17.802Z","v":0}
{"name":"hexo","hostname":"ycymiodeMacBook-Pro.local","pid":10120,"level":20,"msg":"Updated: \u001b[35mthemes/next/_config.yml\u001b[39m","time":"2016-02-15T09:11:17.802Z","v":0}
{"name":"hexo","hostname":"ycymiodeMacBook-Pro.local","pid":10120,"level":20,"msg":"Updated: \u001b[35mthemes/next/languages/default.yml\u001b[39m","time":"2016-02-15T09:11:17.802Z","v":0}
{"name":"hexo","hostname":"ycymiodeMacBook-Pro.local","pid":10120,"level":20,"msg":"Updated: \u001b[35mthemes/next/README.md\u001b[39m","time":"2016-02-15T09:11:17.802Z","v":0}
{"name":"hexo","hostname":"ycymiodeMacBook-Pro.local","pid":10120,"level":20,"msg":"Updated: \u001b[35mthemes/next/languages/de.yml\u001b[39m","time":"2016-02-15T09:11:17.803Z","v":0}
{"name":"hexo","hostname":"ycymiodeMacBook-Pro.local","pid":10120,"level":20,"msg":"Updated: \u001b[35mthemes/next/bower.json\u001b[39m","time":"2016-02-15T09:11:17.803Z","v":0}
{"name":"hexo","hostname":"ycymiodeMacBook-Pro.local","pid":10120,"level":20,"msg":"Updated: \u001b[35mthemes/next/languages/ru.yml\u001b[39m","time":"2016-02-15T09:11:17.803Z","v":0}
{"name":"hexo","hostname":"ycymiodeMacBook-Pro.local","pid":10120,"level":20,"msg":"Updated: \u001b[35mthemes/next/languages/en.yml\u001b[39m","time":"2016-02-15T09:11:17.803Z","v":0}
{"name":"hexo","hostname":"ycymiodeMacBook-Pro.local","pid":10120,"level":20,"msg":"Updated: \u001b[35mthemes/next/languages/fr-FR.yml\u001b[39m","time":"2016-02-15T09:11:17.803Z","v":0}
{"name":"hexo","hostname":"ycymiodeMacBook-Pro.local","pid":10120,"level":20,"msg":"Updated: \u001b[35mthemes/next/languages/zh-tw.yml\u001b[39m","time":"2016-02-15T09:11:17.804Z","v":0}
{"name":"hexo","hostname":"ycymiodeMacBook-Pro.local","pid":10120,"level":20,"msg":"Updated: \u001b[35mthemes/next/languages/pt.yml\u001b[39m","time":"2016-02-15T09:11:17.804Z","v":0}
{"name":"hexo","hostname":"ycymiodeMacBook-Pro.local","pid":10120,"level":20,"msg":"Updated: \u001b[35mthemes/next/layout/_layout.swig\u001b[39m","time":"2016-02-15T09:11:17.804Z","v":0}
{"name":"hexo","hostname":"ycymiodeMacBook-Pro.local","pid":10120,"level":20,"msg":"Updated: \u001b[35mthemes/next/languages/zh-hk.yml\u001b[39m","time":"2016-02-15T09:11:17.804Z","v":0}
{"name":"hexo","hostname":"ycymiodeMacBook-Pro.local","pid":10120,"level":20,"msg":"Updated: \u001b[35mthemes/next/layout/_macro/post.swig\u001b[39m","time":"2016-02-15T09:11:17.805Z","v":0}
{"name":"hexo","hostname":"ycymiodeMacBook-Pro.local","pid":10120,"level":20,"msg":"Updated: \u001b[35mthemes/next/layout/_macro/sidebar.swig\u001b[39m","time":"2016-02-15T09:11:17.805Z","v":0}
{"name":"hexo","hostname":"ycymiodeMacBook-Pro.local","pid":10120,"level":20,"msg":"Updated: \u001b[35mthemes/next/layout/_macro/post-collapse.swig\u001b[39m","time":"2016-02-15T09:11:17.805Z","v":0}
{"name":"hexo","hostname":"ycymiodeMacBook-Pro.local","pid":10120,"level":20,"msg":"Updated: \u001b[35mthemes/next/layout/_partials/comments.swig\u001b[39m","time":"2016-02-15T09:11:17.805Z","v":0}
{"name":"hexo","hostname":"ycymiodeMacBook-Pro.local","pid":10120,"level":20,"msg":"Unchanged: \u001b[35mthemes/next/layout/_partials/duoshuo-hot-articles.swig\u001b[39m","time":"2016-02-15T09:11:17.805Z","v":0}
{"name":"hexo","hostname":"ycymiodeMacBook-Pro.local","pid":10120,"level":20,"msg":"Updated: \u001b[35mthemes/next/layout/_partials/footer.swig\u001b[39m","time":"2016-02-15T09:11:17.806Z","v":0}
{"name":"hexo","hostname":"ycymiodeMacBook-Pro.local","pid":10120,"level":20,"msg":"Updated: \u001b[35mthemes/next/layout/_partials/head.swig\u001b[39m","time":"2016-02-15T09:11:17.806Z","v":0}
{"name":"hexo","hostname":"ycymiodeMacBook-Pro.local","pid":10120,"level":20,"msg":"Updated: \u001b[35mthemes/next/layout/_partials/header.swig\u001b[39m","time":"2016-02-15T09:11:17.806Z","v":0}
{"name":"hexo","hostname":"ycymiodeMacBook-Pro.local","pid":10120,"level":20,"msg":"Unchanged: \u001b[35mthemes/next/layout/_partials/pagination.swig\u001b[39m","time":"2016-02-15T09:11:17.806Z","v":0}
{"name":"hexo","hostname":"ycymiodeMacBook-Pro.local","pid":10120,"level":20,"msg":"Updated: \u001b[35mthemes/next/layout/_partials/search/swiftype.swig\u001b[39m","time":"2016-02-15T09:11:17.806Z","v":0}
{"name":"hexo","hostname":"ycymiodeMacBook-Pro.local","pid":10120,"level":20,"msg":"Unchanged: \u001b[35mthemes/next/layout/_partials/search.swig\u001b[39m","time":"2016-02-15T09:11:17.807Z","v":0}
{"name":"hexo","hostname":"ycymiodeMacBook-Pro.local","pid":10120,"level":20,"msg":"Unchanged: \u001b[35mthemes/next/layout/_partials/search/tinysou.swig\u001b[39m","time":"2016-02-15T09:11:17.807Z","v":0}
{"name":"hexo","hostname":"ycymiodeMacBook-Pro.local","pid":10120,"level":20,"msg":"Unchanged: \u001b[35mthemes/next/layout/_partials/share/duoshuo_share.swig\u001b[39m","time":"2016-02-15T09:11:17.807Z","v":0}
{"name":"hexo","hostname":"ycymiodeMacBook-Pro.local","pid":10120,"level":20,"msg":"Unchanged: \u001b[35mthemes/next/layout/_partials/share/jiathis.swig\u001b[39m","time":"2016-02-15T09:11:17.807Z","v":0}
{"name":"hexo","hostname":"ycymiodeMacBook-Pro.local","pid":10120,"level":20,"msg":"Updated: \u001b[35mthemes/next/layout/_scripts/pages/post-details.swig\u001b[39m","time":"2016-02-15T09:11:17.807Z","v":0}
{"name":"hexo","hostname":"ycymiodeMacBook-Pro.local","pid":10120,"level":20,"msg":"Updated: \u001b[35mthemes/next/layout/archive.swig\u001b[39m","time":"2016-02-15T09:11:17.808Z","v":0}
{"name":"hexo","hostname":"ycymiodeMacBook-Pro.local","pid":10120,"level":20,"msg":"Updated: \u001b[35mthemes/next/layout/category.swig\u001b[39m","time":"2016-02-15T09:11:17.808Z","v":0}
{"name":"hexo","hostname":"ycymiodeMacBook-Pro.local","pid":10120,"level":20,"msg":"Updated: \u001b[35mthemes/next/layout/tag.swig\u001b[39m","time":"2016-02-15T09:11:17.808Z","v":0}
{"name":"hexo","hostname":"ycymiodeMacBook-Pro.local","pid":10120,"level":20,"msg":"Unchanged: \u001b[35mthemes/next/layout/page.swig\u001b[39m","time":"2016-02-15T09:11:17.808Z","v":0}
{"name":"hexo","hostname":"ycymiodeMacBook-Pro.local","pid":10120,"level":20,"msg":"Unchanged: \u001b[35mthemes/next/scripts/filters/sticky.js\u001b[39m","time":"2016-02-15T09:11:17.808Z","v":0}
{"name":"hexo","hostname":"ycymiodeMacBook-Pro.local","pid":10120,"level":20,"msg":"Unchanged: \u001b[35mthemes/next/scripts/merge-configs.js\u001b[39m","time":"2016-02-15T09:11:17.809Z","v":0}
{"name":"hexo","hostname":"ycymiodeMacBook-Pro.local","pid":10120,"level":20,"msg":"Unchanged: \u001b[35mthemes/next/scripts/tags/center-quote.js\u001b[39m","time":"2016-02-15T09:11:17.809Z","v":0}
{"name":"hexo","hostname":"ycymiodeMacBook-Pro.local","pid":10120,"level":20,"msg":"Unchanged: \u001b[35mthemes/next/scripts/tags/full-image.js\u001b[39m","time":"2016-02-15T09:11:17.809Z","v":0}
{"name":"hexo","hostname":"ycymiodeMacBook-Pro.local","pid":10120,"level":20,"msg":"Unchanged: \u001b[35mthemes/next/scripts/tags/group-pictures.js\u001b[39m","time":"2016-02-15T09:11:17.809Z","v":0}
{"name":"hexo","hostname":"ycymiodeMacBook-Pro.local","pid":10120,"level":20,"msg":"Updated: \u001b[35mthemes/next/layout/post.swig\u001b[39m","time":"2016-02-15T09:11:17.809Z","v":0}
{"name":"hexo","hostname":"ycymiodeMacBook-Pro.local","pid":10120,"level":20,"msg":"Unchanged: \u001b[35mthemes/next/layout/index.swig\u001b[39m","time":"2016-02-15T09:11:17.810Z","v":0}
{"name":"hexo","hostname":"ycymiodeMacBook-Pro.local","pid":10120,"level":20,"msg":"Updated: \u001b[35mthemes/next/source/css/_common/_component/posts-expand.styl\u001b[39m","time":"2016-02-15T09:11:17.810Z","v":0}
{"name":"hexo","hostname":"ycymiodeMacBook-Pro.local","pid":10120,"level":20,"msg":"Updated: \u001b[35mthemes/next/source/css/_common/_section/header.styl\u001b[39m","time":"2016-02-15T09:11:17.811Z","v":0}
{"name":"hexo","hostname":"ycymiodeMacBook-Pro.local","pid":10120,"level":20,"msg":"Updated: \u001b[35mthemes/next/source/css/_custom/custom.styl\u001b[39m","time":"2016-02-15T09:11:17.811Z","v":0}
{"name":"hexo","hostname":"ycymiodeMacBook-Pro.local","pid":10120,"level":20,"msg":"Unchanged: \u001b[35mthemes/next/source/css/_mixins/base.styl\u001b[39m","time":"2016-02-15T09:11:17.811Z","v":0}
{"name":"hexo","hostname":"ycymiodeMacBook-Pro.local","pid":10120,"level":20,"msg":"Unchanged: \u001b[35mthemes/next/source/css/_schemes/Mist/_base.styl\u001b[39m","time":"2016-02-15T09:11:17.812Z","v":0}
{"name":"hexo","hostname":"ycymiodeMacBook-Pro.local","pid":10120,"level":20,"msg":"Unchanged: \u001b[35mthemes/next/source/css/_schemes/Mist/_logo.styl\u001b[39m","time":"2016-02-15T09:11:17.812Z","v":0}
{"name":"hexo","hostname":"ycymiodeMacBook-Pro.local","pid":10120,"level":20,"msg":"Unchanged: \u001b[35mthemes/next/source/css/_schemes/Mist/_header.styl\u001b[39m","time":"2016-02-15T09:11:17.812Z","v":0}
{"name":"hexo","hostname":"ycymiodeMacBook-Pro.local","pid":10120,"level":20,"msg":"Unchanged: \u001b[35mthemes/next/source/css/_schemes/Mist/_menu.styl\u001b[39m","time":"2016-02-15T09:11:17.813Z","v":0}
{"name":"hexo","hostname":"ycymiodeMacBook-Pro.local","pid":10120,"level":20,"msg":"Updated: \u001b[35mthemes/next/source/css/_schemes/Mist/_posts-expanded.styl\u001b[39m","time":"2016-02-15T09:11:17.813Z","v":0}
{"name":"hexo","hostname":"ycymiodeMacBook-Pro.local","pid":10120,"level":20,"msg":"Unchanged: \u001b[35mthemes/next/source/css/_schemes/Mist/index.styl\u001b[39m","time":"2016-02-15T09:11:17.814Z","v":0}
{"name":"hexo","hostname":"ycymiodeMacBook-Pro.local","pid":10120,"level":20,"msg":"Updated: \u001b[35mthemes/next/source/css/_variables/Mist.styl\u001b[39m","time":"2016-02-15T09:11:17.814Z","v":0}
{"name":"hexo","hostname":"ycymiodeMacBook-Pro.local","pid":10120,"level":20,"msg":"Updated: \u001b[35mthemes/next/source/css/main.styl\u001b[39m","time":"2016-02-15T09:11:17.815Z","v":0}
{"name":"hexo","hostname":"ycymiodeMacBook-Pro.local","pid":10120,"level":20,"msg":"Updated: \u001b[35mthemes/next/source/css/_variables/base.styl\u001b[39m","time":"2016-02-15T09:11:17.815Z","v":0}
{"name":"hexo","hostname":"ycymiodeMacBook-Pro.local","pid":10120,"level":20,"msg":"Unchanged: \u001b[35mthemes/next/source/images/cc-by-nc-sa.svg\u001b[39m","time":"2016-02-15T09:11:17.816Z","v":0}
{"name":"hexo","hostname":"ycymiodeMacBook-Pro.local","pid":10120,"level":20,"msg":"Unchanged: \u001b[35mthemes/next/source/images/cc-by-nc.svg\u001b[39m","time":"2016-02-15T09:11:17.817Z","v":0}
{"name":"hexo","hostname":"ycymiodeMacBook-Pro.local","pid":10120,"level":20,"msg":"Unchanged: \u001b[35mthemes/next/source/images/cc-by-nc-nd.svg\u001b[39m","time":"2016-02-15T09:11:17.817Z","v":0}
{"name":"hexo","hostname":"ycymiodeMacBook-Pro.local","pid":10120,"level":20,"msg":"Unchanged: \u001b[35mthemes/next/source/images/cc-by-nd.svg\u001b[39m","time":"2016-02-15T09:11:17.817Z","v":0}
{"name":"hexo","hostname":"ycymiodeMacBook-Pro.local","pid":10120,"level":20,"msg":"Unchanged: \u001b[35mthemes/next/source/images/cc-zero.svg\u001b[39m","time":"2016-02-15T09:11:17.817Z","v":0}
{"name":"hexo","hostname":"ycymiodeMacBook-Pro.local","pid":10120,"level":20,"msg":"Unchanged: \u001b[35mthemes/next/source/images/cc-by.svg\u001b[39m","time":"2016-02-15T09:11:17.818Z","v":0}
{"name":"hexo","hostname":"ycymiodeMacBook-Pro.local","pid":10120,"level":20,"msg":"Unchanged: \u001b[35mthemes/next/source/images/cc-by-sa.svg\u001b[39m","time":"2016-02-15T09:11:17.819Z","v":0}
{"name":"hexo","hostname":"ycymiodeMacBook-Pro.local","pid":10120,"level":20,"msg":"Unchanged: \u001b[35mthemes/next/source/images/quote-r.svg\u001b[39m","time":"2016-02-15T09:11:17.820Z","v":0}
{"name":"hexo","hostname":"ycymiodeMacBook-Pro.local","pid":10120,"level":20,"msg":"Unchanged: \u001b[35mthemes/next/source/images/loading.gif\u001b[39m","time":"2016-02-15T09:11:17.820Z","v":0}
{"name":"hexo","hostname":"ycymiodeMacBook-Pro.local","pid":10120,"level":20,"msg":"Unchanged: \u001b[35mthemes/next/source/images/placeholder.gif\u001b[39m","time":"2016-02-15T09:11:17.821Z","v":0}
{"name":"hexo","hostname":"ycymiodeMacBook-Pro.local","pid":10120,"level":20,"msg":"Unchanged: \u001b[35mthemes/next/source/images/quote-l.svg\u001b[39m","time":"2016-02-15T09:11:17.821Z","v":0}
{"name":"hexo","hostname":"ycymiodeMacBook-Pro.local","pid":10120,"level":20,"msg":"Unchanged: \u001b[35mthemes/next/source/images/searchicon.png\u001b[39m","time":"2016-02-15T09:11:17.822Z","v":0}
{"name":"hexo","hostname":"ycymiodeMacBook-Pro.local","pid":10120,"level":20,"msg":"Unchanged: \u001b[35mthemes/next/source/vendors/fancybox/source/blank.gif\u001b[39m","time":"2016-02-15T09:11:17.822Z","v":0}
{"name":"hexo","hostname":"ycymiodeMacBook-Pro.local","pid":10120,"level":20,"msg":"Unchanged: \u001b[35mthemes/next/source/vendors/fancybox/source/fancybox_loading.gif\u001b[39m","time":"2016-02-15T09:11:17.822Z","v":0}
{"name":"hexo","hostname":"ycymiodeMacBook-Pro.local","pid":10120,"level":20,"msg":"Unchanged: \u001b[35mthemes/next/source/vendors/fancybox/source/fancybox_loading@2x.gif\u001b[39m","time":"2016-02-15T09:11:17.822Z","v":0}
{"name":"hexo","hostname":"ycymiodeMacBook-Pro.local","pid":10120,"level":20,"msg":"Unchanged: \u001b[35mthemes/next/source/vendors/fancybox/source/fancybox_overlay.png\u001b[39m","time":"2016-02-15T09:11:17.825Z","v":0}
{"name":"hexo","hostname":"ycymiodeMacBook-Pro.local","pid":10120,"level":20,"msg":"Unchanged: \u001b[35mthemes/next/source/vendors/fancybox/source/fancybox_sprite.png\u001b[39m","time":"2016-02-15T09:11:17.825Z","v":0}
{"name":"hexo","hostname":"ycymiodeMacBook-Pro.local","pid":10120,"level":20,"msg":"Unchanged: \u001b[35mthemes/next/source/vendors/fancybox/source/fancybox_sprite@2x.png\u001b[39m","time":"2016-02-15T09:11:17.825Z","v":0}
{"name":"hexo","hostname":"ycymiodeMacBook-Pro.local","pid":10120,"level":20,"msg":"Unchanged: \u001b[35mthemes/next/source/vendors/fancybox/source/helpers/fancybox_buttons.png\u001b[39m","time":"2016-02-15T09:11:17.825Z","v":0}
{"name":"hexo","hostname":"ycymiodeMacBook-Pro.local","pid":10120,"level":20,"msg":"Unchanged: \u001b[35mthemes/next/source/vendors/fancybox/source/helpers/jquery.fancybox-buttons.css\u001b[39m","time":"2016-02-15T09:11:17.825Z","v":0}
{"name":"hexo","hostname":"ycymiodeMacBook-Pro.local","pid":10120,"level":20,"msg":"Unchanged: \u001b[35mthemes/next/source/vendors/fancybox/source/helpers/jquery.fancybox-buttons.js\u001b[39m","time":"2016-02-15T09:11:17.825Z","v":0}
{"name":"hexo","hostname":"ycymiodeMacBook-Pro.local","pid":10120,"level":20,"msg":"Unchanged: \u001b[35mthemes/next/source/vendors/fancybox/source/helpers/jquery.fancybox-thumbs.css\u001b[39m","time":"2016-02-15T09:11:17.826Z","v":0}
{"name":"hexo","hostname":"ycymiodeMacBook-Pro.local","pid":10120,"level":20,"msg":"Unchanged: \u001b[35mthemes/next/source/vendors/fancybox/source/helpers/jquery.fancybox-media.js\u001b[39m","time":"2016-02-15T09:11:17.826Z","v":0}
{"name":"hexo","hostname":"ycymiodeMacBook-Pro.local","pid":10120,"level":20,"msg":"Unchanged: \u001b[35mthemes/next/source/vendors/fancybox/source/jquery.fancybox.pack.js\u001b[39m","time":"2016-02-15T09:11:17.826Z","v":0}
{"name":"hexo","hostname":"ycymiodeMacBook-Pro.local","pid":10120,"level":20,"msg":"Unchanged: \u001b[35mthemes/next/source/vendors/fancybox/source/jquery.fancybox.css\u001b[39m","time":"2016-02-15T09:11:17.826Z","v":0}
{"name":"hexo","hostname":"ycymiodeMacBook-Pro.local","pid":10120,"level":20,"msg":"Unchanged: \u001b[35mthemes/next/source/vendors/fancybox/source/helpers/jquery.fancybox-thumbs.js\u001b[39m","time":"2016-02-15T09:11:17.827Z","v":0}
{"name":"hexo","hostname":"ycymiodeMacBook-Pro.local","pid":10120,"level":20,"msg":"Unchanged: \u001b[35mthemes/next/source/vendors/fastclick/LICENSE\u001b[39m","time":"2016-02-15T09:11:17.827Z","v":0}
{"name":"hexo","hostname":"ycymiodeMacBook-Pro.local","pid":10120,"level":20,"msg":"Unchanged: \u001b[35mthemes/next/source/vendors/fastclick/bower.json\u001b[39m","time":"2016-02-15T09:11:17.827Z","v":0}
{"name":"hexo","hostname":"ycymiodeMacBook-Pro.local","pid":10120,"level":20,"msg":"Unchanged: \u001b[35mthemes/next/source/vendors/fastclick/lib/fastclick.min.js\u001b[39m","time":"2016-02-15T09:11:17.827Z","v":0}
{"name":"hexo","hostname":"ycymiodeMacBook-Pro.local","pid":10120,"level":20,"msg":"Unchanged: \u001b[35mthemes/next/source/vendors/fastclick/README.md\u001b[39m","time":"2016-02-15T09:11:17.828Z","v":0}
{"name":"hexo","hostname":"ycymiodeMacBook-Pro.local","pid":10120,"level":20,"msg":"Unchanged: \u001b[35mthemes/next/source/vendors/font-awesome/HELP-US-OUT.txt\u001b[39m","time":"2016-02-15T09:11:17.828Z","v":0}
{"name":"hexo","hostname":"ycymiodeMacBook-Pro.local","pid":10120,"level":20,"msg":"Unchanged: \u001b[35mthemes/next/source/vendors/fancybox/source/jquery.fancybox.js\u001b[39m","time":"2016-02-15T09:11:17.828Z","v":0}
{"name":"hexo","hostname":"ycymiodeMacBook-Pro.local","pid":10120,"level":20,"msg":"Unchanged: \u001b[35mthemes/next/source/vendors/fastclick/lib/fastclick.js\u001b[39m","time":"2016-02-15T09:11:17.828Z","v":0}
{"name":"hexo","hostname":"ycymiodeMacBook-Pro.local","pid":10120,"level":20,"msg":"Unchanged: \u001b[35mthemes/next/source/vendors/font-awesome/bower.json\u001b[39m","time":"2016-02-15T09:11:17.828Z","v":0}
{"name":"hexo","hostname":"ycymiodeMacBook-Pro.local","pid":10120,"level":20,"msg":"Unchanged: \u001b[35mthemes/next/source/vendors/font-awesome/css/font-awesome.min.css\u001b[39m","time":"2016-02-15T09:11:17.828Z","v":0}
{"name":"hexo","hostname":"ycymiodeMacBook-Pro.local","pid":10120,"level":20,"msg":"Unchanged: \u001b[35mthemes/next/source/vendors/font-awesome/css/font-awesome.css\u001b[39m","time":"2016-02-15T09:11:17.829Z","v":0}
{"name":"hexo","hostname":"ycymiodeMacBook-Pro.local","pid":10120,"level":20,"msg":"Unchanged: \u001b[35mthemes/next/source/vendors/font-awesome/css/font-awesome.css.map\u001b[39m","time":"2016-02-15T09:11:17.829Z","v":0}
{"name":"hexo","hostname":"ycymiodeMacBook-Pro.local","pid":10120,"level":20,"msg":"Unchanged: \u001b[35mthemes/next/source/vendors/jquery_lazyload/jquery.lazyload.js\u001b[39m","time":"2016-02-15T09:11:17.829Z","v":0}
{"name":"hexo","hostname":"ycymiodeMacBook-Pro.local","pid":10120,"level":20,"msg":"Unchanged: \u001b[35mthemes/next/source/vendors/jquery_lazyload/bower.json\u001b[39m","time":"2016-02-15T09:11:17.829Z","v":0}
{"name":"hexo","hostname":"ycymiodeMacBook-Pro.local","pid":10120,"level":20,"msg":"Unchanged: \u001b[35mthemes/next/source/vendors/font-awesome/fonts/fontawesome-webfont.woff2\u001b[39m","time":"2016-02-15T09:11:17.829Z","v":0}
{"name":"hexo","hostname":"ycymiodeMacBook-Pro.local","pid":10120,"level":20,"msg":"Unchanged: \u001b[35mthemes/next/source/vendors/jquery_lazyload/jquery.scrollstop.js\u001b[39m","time":"2016-02-15T09:11:17.829Z","v":0}
{"name":"hexo","hostname":"ycymiodeMacBook-Pro.local","pid":10120,"level":20,"msg":"Unchanged: \u001b[35mthemes/next/source/vendors/jquery_lazyload/README.md\u001b[39m","time":"2016-02-15T09:11:17.830Z","v":0}
{"name":"hexo","hostname":"ycymiodeMacBook-Pro.local","pid":10120,"level":20,"msg":"Unchanged: \u001b[35mthemes/next/source/vendors/jquery_lazyload/CONTRIBUTING.md\u001b[39m","time":"2016-02-15T09:11:17.830Z","v":0}
{"name":"hexo","hostname":"ycymiodeMacBook-Pro.local","pid":10120,"level":20,"msg":"Unchanged: \u001b[35mthemes/next/source/vendors/velocity/velocity.ui.min.js\u001b[39m","time":"2016-02-15T09:11:17.830Z","v":0}
{"name":"hexo","hostname":"ycymiodeMacBook-Pro.local","pid":10120,"level":20,"msg":"Unchanged: \u001b[35mthemes/next/source/vendors/velocity/bower.json\u001b[39m","time":"2016-02-15T09:11:17.830Z","v":0}
{"name":"hexo","hostname":"ycymiodeMacBook-Pro.local","pid":10120,"level":20,"msg":"Unchanged: \u001b[35mthemes/next/source/vendors/velocity/velocity.min.js\u001b[39m","time":"2016-02-15T09:11:17.830Z","v":0}
{"name":"hexo","hostname":"ycymiodeMacBook-Pro.local","pid":10120,"level":20,"msg":"Unchanged: \u001b[35mthemes/next/test/helpers.js\u001b[39m","time":"2016-02-15T09:11:17.830Z","v":0}
{"name":"hexo","hostname":"ycymiodeMacBook-Pro.local","pid":10120,"level":20,"msg":"Unchanged: \u001b[35mthemes/next/source/vendors/velocity/velocity.ui.js\u001b[39m","time":"2016-02-15T09:11:17.830Z","v":0}
{"name":"hexo","hostname":"ycymiodeMacBook-Pro.local","pid":10120,"level":20,"msg":"Unchanged: \u001b[35mthemes/next/test/intern.js\u001b[39m","time":"2016-02-15T09:11:17.831Z","v":0}
{"name":"hexo","hostname":"ycymiodeMacBook-Pro.local","pid":10120,"level":20,"msg":"Unchanged: \u001b[35mthemes/next/source/vendors/font-awesome/fonts/fontawesome-webfont.eot\u001b[39m","time":"2016-02-15T09:11:17.846Z","v":0}
{"name":"hexo","hostname":"ycymiodeMacBook-Pro.local","pid":10120,"level":20,"msg":"Unchanged: \u001b[35mthemes/next/source/vendors/font-awesome/fonts/FontAwesome.otf\u001b[39m","time":"2016-02-15T09:11:17.846Z","v":0}
{"name":"hexo","hostname":"ycymiodeMacBook-Pro.local","pid":10120,"level":20,"msg":"Unchanged: \u001b[35mthemes/next/source/vendors/jquery/index.js\u001b[39m","time":"2016-02-15T09:11:17.846Z","v":0}
{"name":"hexo","hostname":"ycymiodeMacBook-Pro.local","pid":10120,"level":20,"msg":"Unchanged: \u001b[35mthemes/next/source/vendors/font-awesome/fonts/fontawesome-webfont.woff\u001b[39m","time":"2016-02-15T09:11:17.846Z","v":0}
{"name":"hexo","hostname":"ycymiodeMacBook-Pro.local","pid":10120,"level":20,"msg":"Unchanged: \u001b[35mthemes/next/source/vendors/font-awesome/fonts/fontawesome-webfont.ttf\u001b[39m","time":"2016-02-15T09:11:17.847Z","v":0}
{"name":"hexo","hostname":"ycymiodeMacBook-Pro.local","pid":10120,"level":20,"msg":"Updated: \u001b[35mthemes/next/source/vendors/velocity/velocity.js\u001b[39m","time":"2016-02-15T09:11:17.848Z","v":0}
{"name":"hexo","hostname":"ycymiodeMacBook-Pro.local","pid":10120,"level":20,"msg":"Unchanged: \u001b[35mthemes/next/source/vendors/font-awesome/fonts/fontawesome-webfont.svg\u001b[39m","time":"2016-02-15T09:11:17.848Z","v":0}
{"name":"hexo","hostname":"ycymiodeMacBook-Pro.local","pid":10120,"level":20,"msg":"Processed: \u001b[35msource/vendors/font-awesome/fonts/fontawesome-webfont.svg\u001b[39m","time":"2016-02-15T09:11:17.850Z","v":0}
{"name":"hexo","hostname":"ycymiodeMacBook-Pro.local","pid":10120,"level":20,"msg":"Processed: \u001b[35msource/vendors/velocity/velocity.js\u001b[39m","time":"2016-02-15T09:11:17.850Z","v":0}
{"name":"hexo","hostname":"ycymiodeMacBook-Pro.local","pid":10120,"level":20,"msg":"Processed: \u001b[35msource/vendors/font-awesome/fonts/fontawesome-webfont.ttf\u001b[39m","time":"2016-02-15T09:11:17.850Z","v":0}
{"name":"hexo","hostname":"ycymiodeMacBook-Pro.local","pid":10120,"level":20,"msg":"Processed: \u001b[35msource/vendors/font-awesome/fonts/fontawesome-webfont.woff\u001b[39m","time":"2016-02-15T09:11:17.851Z","v":0}
{"name":"hexo","hostname":"ycymiodeMacBook-Pro.local","pid":10120,"level":20,"msg":"Processed: \u001b[35msource/vendors/jquery/index.js\u001b[39m","time":"2016-02-15T09:11:17.851Z","v":0}
{"name":"hexo","hostname":"ycymiodeMacBook-Pro.local","pid":10120,"level":20,"msg":"Processed: \u001b[35msource/vendors/font-awesome/fonts/FontAwesome.otf\u001b[39m","time":"2016-02-15T09:11:17.852Z","v":0}
{"name":"hexo","hostname":"ycymiodeMacBook-Pro.local","pid":10120,"level":20,"msg":"Processed: \u001b[35msource/vendors/font-awesome/fonts/fontawesome-webfont.eot\u001b[39m","time":"2016-02-15T09:11:17.852Z","v":0}
{"name":"hexo","hostname":"ycymiodeMacBook-Pro.local","pid":10120,"level":20,"msg":"Processed: \u001b[35msource/vendors/velocity/velocity.ui.js\u001b[39m","time":"2016-02-15T09:11:17.852Z","v":0}
{"name":"hexo","hostname":"ycymiodeMacBook-Pro.local","pid":10120,"level":20,"msg":"Processed: \u001b[35msource/vendors/velocity/bower.json\u001b[39m","time":"2016-02-15T09:11:17.853Z","v":0}
{"name":"hexo","hostname":"ycymiodeMacBook-Pro.local","pid":10120,"level":20,"msg":"Processed: \u001b[35msource/vendors/velocity/velocity.ui.min.js\u001b[39m","time":"2016-02-15T09:11:17.853Z","v":0}
{"name":"hexo","hostname":"ycymiodeMacBook-Pro.local","pid":10120,"level":20,"msg":"Processed: \u001b[35msource/vendors/velocity/velocity.min.js\u001b[39m","time":"2016-02-15T09:11:17.853Z","v":0}
{"name":"hexo","hostname":"ycymiodeMacBook-Pro.local","pid":10120,"level":20,"msg":"Processed: \u001b[35msource/vendors/jquery_lazyload/CONTRIBUTING.md\u001b[39m","time":"2016-02-15T09:11:17.854Z","v":0}
{"name":"hexo","hostname":"ycymiodeMacBook-Pro.local","pid":10120,"level":20,"msg":"Processed: \u001b[35msource/vendors/jquery_lazyload/README.md\u001b[39m","time":"2016-02-15T09:11:17.854Z","v":0}
{"name":"hexo","hostname":"ycymiodeMacBook-Pro.local","pid":10120,"level":20,"msg":"Processed: \u001b[35msource/vendors/jquery_lazyload/jquery.scrollstop.js\u001b[39m","time":"2016-02-15T09:11:17.854Z","v":0}
{"name":"hexo","hostname":"ycymiodeMacBook-Pro.local","pid":10120,"level":20,"msg":"Processed: \u001b[35msource/vendors/jquery_lazyload/bower.json\u001b[39m","time":"2016-02-15T09:11:17.855Z","v":0}
{"name":"hexo","hostname":"ycymiodeMacBook-Pro.local","pid":10120,"level":20,"msg":"Processed: \u001b[35msource/vendors/jquery_lazyload/jquery.lazyload.js\u001b[39m","time":"2016-02-15T09:11:17.855Z","v":0}
{"name":"hexo","hostname":"ycymiodeMacBook-Pro.local","pid":10120,"level":20,"msg":"Processed: \u001b[35msource/vendors/font-awesome/fonts/fontawesome-webfont.woff2\u001b[39m","time":"2016-02-15T09:11:17.855Z","v":0}
{"name":"hexo","hostname":"ycymiodeMacBook-Pro.local","pid":10120,"level":20,"msg":"Processed: \u001b[35msource/vendors/font-awesome/css/font-awesome.css.map\u001b[39m","time":"2016-02-15T09:11:17.856Z","v":0}
{"name":"hexo","hostname":"ycymiodeMacBook-Pro.local","pid":10120,"level":20,"msg":"Processed: \u001b[35msource/vendors/font-awesome/css/font-awesome.css\u001b[39m","time":"2016-02-15T09:11:17.856Z","v":0}
{"name":"hexo","hostname":"ycymiodeMacBook-Pro.local","pid":10120,"level":20,"msg":"Processed: \u001b[35msource/vendors/font-awesome/bower.json\u001b[39m","time":"2016-02-15T09:11:17.857Z","v":0}
{"name":"hexo","hostname":"ycymiodeMacBook-Pro.local","pid":10120,"level":20,"msg":"Processed: \u001b[35msource/vendors/font-awesome/css/font-awesome.min.css\u001b[39m","time":"2016-02-15T09:11:17.857Z","v":0}
{"name":"hexo","hostname":"ycymiodeMacBook-Pro.local","pid":10120,"level":20,"msg":"Processed: \u001b[35msource/vendors/fastclick/lib/fastclick.js\u001b[39m","time":"2016-02-15T09:11:17.857Z","v":0}
{"name":"hexo","hostname":"ycymiodeMacBook-Pro.local","pid":10120,"level":20,"msg":"Processed: \u001b[35msource/vendors/font-awesome/HELP-US-OUT.txt\u001b[39m","time":"2016-02-15T09:11:17.858Z","v":0}
{"name":"hexo","hostname":"ycymiodeMacBook-Pro.local","pid":10120,"level":20,"msg":"Processed: \u001b[35msource/vendors/fancybox/source/jquery.fancybox.js\u001b[39m","time":"2016-02-15T09:11:17.858Z","v":0}
{"name":"hexo","hostname":"ycymiodeMacBook-Pro.local","pid":10120,"level":20,"msg":"Processed: \u001b[35msource/vendors/fastclick/README.md\u001b[39m","time":"2016-02-15T09:11:17.859Z","v":0}
{"name":"hexo","hostname":"ycymiodeMacBook-Pro.local","pid":10120,"level":20,"msg":"Processed: \u001b[35msource/vendors/fastclick/lib/fastclick.min.js\u001b[39m","time":"2016-02-15T09:11:17.859Z","v":0}
{"name":"hexo","hostname":"ycymiodeMacBook-Pro.local","pid":10120,"level":20,"msg":"Processed: \u001b[35msource/vendors/fastclick/bower.json\u001b[39m","time":"2016-02-15T09:11:17.859Z","v":0}
{"name":"hexo","hostname":"ycymiodeMacBook-Pro.local","pid":10120,"level":20,"msg":"Processed: \u001b[35msource/vendors/fastclick/LICENSE\u001b[39m","time":"2016-02-15T09:11:17.860Z","v":0}
{"name":"hexo","hostname":"ycymiodeMacBook-Pro.local","pid":10120,"level":20,"msg":"Processed: \u001b[35msource/vendors/fancybox/source/helpers/jquery.fancybox-thumbs.js\u001b[39m","time":"2016-02-15T09:11:17.861Z","v":0}
{"name":"hexo","hostname":"ycymiodeMacBook-Pro.local","pid":10120,"level":20,"msg":"Processed: \u001b[35msource/vendors/fancybox/source/jquery.fancybox.css\u001b[39m","time":"2016-02-15T09:11:17.862Z","v":0}
{"name":"hexo","hostname":"ycymiodeMacBook-Pro.local","pid":10120,"level":20,"msg":"Processed: \u001b[35msource/vendors/fancybox/source/jquery.fancybox.pack.js\u001b[39m","time":"2016-02-15T09:11:17.863Z","v":0}
{"name":"hexo","hostname":"ycymiodeMacBook-Pro.local","pid":10120,"level":20,"msg":"Processed: \u001b[35msource/vendors/fancybox/source/helpers/jquery.fancybox-media.js\u001b[39m","time":"2016-02-15T09:11:17.863Z","v":0}
{"name":"hexo","hostname":"ycymiodeMacBook-Pro.local","pid":10120,"level":20,"msg":"Processed: \u001b[35msource/vendors/fancybox/source/helpers/jquery.fancybox-thumbs.css\u001b[39m","time":"2016-02-15T09:11:17.864Z","v":0}
{"name":"hexo","hostname":"ycymiodeMacBook-Pro.local","pid":10120,"level":20,"msg":"Processed: \u001b[35msource/vendors/fancybox/source/helpers/jquery.fancybox-buttons.js\u001b[39m","time":"2016-02-15T09:11:17.865Z","v":0}
{"name":"hexo","hostname":"ycymiodeMacBook-Pro.local","pid":10120,"level":20,"msg":"Processed: \u001b[35msource/vendors/fancybox/source/helpers/jquery.fancybox-buttons.css\u001b[39m","time":"2016-02-15T09:11:17.866Z","v":0}
{"name":"hexo","hostname":"ycymiodeMacBook-Pro.local","pid":10120,"level":20,"msg":"Processed: \u001b[35msource/vendors/fancybox/source/helpers/fancybox_buttons.png\u001b[39m","time":"2016-02-15T09:11:17.866Z","v":0}
{"name":"hexo","hostname":"ycymiodeMacBook-Pro.local","pid":10120,"level":20,"msg":"Processed: \u001b[35msource/vendors/fancybox/source/fancybox_sprite@2x.png\u001b[39m","time":"2016-02-15T09:11:17.867Z","v":0}
{"name":"hexo","hostname":"ycymiodeMacBook-Pro.local","pid":10120,"level":20,"msg":"Processed: \u001b[35msource/vendors/fancybox/source/fancybox_sprite.png\u001b[39m","time":"2016-02-15T09:11:17.867Z","v":0}
{"name":"hexo","hostname":"ycymiodeMacBook-Pro.local","pid":10120,"level":20,"msg":"Processed: \u001b[35msource/vendors/fancybox/source/fancybox_overlay.png\u001b[39m","time":"2016-02-15T09:11:17.867Z","v":0}
{"name":"hexo","hostname":"ycymiodeMacBook-Pro.local","pid":10120,"level":20,"msg":"Processed: \u001b[35msource/vendors/fancybox/source/fancybox_loading@2x.gif\u001b[39m","time":"2016-02-15T09:11:17.868Z","v":0}
{"name":"hexo","hostname":"ycymiodeMacBook-Pro.local","pid":10120,"level":20,"msg":"Processed: \u001b[35msource/vendors/fancybox/source/fancybox_loading.gif\u001b[39m","time":"2016-02-15T09:11:17.868Z","v":0}
{"name":"hexo","hostname":"ycymiodeMacBook-Pro.local","pid":10120,"level":20,"msg":"Processed: \u001b[35msource/js/ua-parser.min.js\u001b[39m","time":"2016-02-15T09:11:17.869Z","v":0}
{"name":"hexo","hostname":"ycymiodeMacBook-Pro.local","pid":10120,"level":20,"msg":"Processed: \u001b[35msource/vendors/fancybox/source/blank.gif\u001b[39m","time":"2016-02-15T09:11:17.869Z","v":0}
{"name":"hexo","hostname":"ycymiodeMacBook-Pro.local","pid":10120,"level":20,"msg":"Processed: \u001b[35msource/js/hook-duoshuo.js\u001b[39m","time":"2016-02-15T09:11:17.870Z","v":0}
{"name":"hexo","hostname":"ycymiodeMacBook-Pro.local","pid":10120,"level":20,"msg":"Processed: \u001b[35msource/js/motion.js\u001b[39m","time":"2016-02-15T09:11:17.870Z","v":0}
{"name":"hexo","hostname":"ycymiodeMacBook-Pro.local","pid":10120,"level":20,"msg":"Processed: \u001b[35msource/js/helpers.js\u001b[39m","time":"2016-02-15T09:11:17.870Z","v":0}
{"name":"hexo","hostname":"ycymiodeMacBook-Pro.local","pid":10120,"level":20,"msg":"Processed: \u001b[35msource/js/bootstrap.scrollspy.js\u001b[39m","time":"2016-02-15T09:11:17.871Z","v":0}
{"name":"hexo","hostname":"ycymiodeMacBook-Pro.local","pid":10120,"level":20,"msg":"Processed: \u001b[35msource/images/searchicon.png\u001b[39m","time":"2016-02-15T09:11:17.871Z","v":0}
{"name":"hexo","hostname":"ycymiodeMacBook-Pro.local","pid":10120,"level":20,"msg":"Processed: \u001b[35msource/js/fancy-box.js\u001b[39m","time":"2016-02-15T09:11:17.872Z","v":0}
{"name":"hexo","hostname":"ycymiodeMacBook-Pro.local","pid":10120,"level":20,"msg":"Processed: \u001b[35msource/js/bootstrap.js\u001b[39m","time":"2016-02-15T09:11:17.872Z","v":0}
{"name":"hexo","hostname":"ycymiodeMacBook-Pro.local","pid":10120,"level":20,"msg":"Processed: \u001b[35msource/images/quote-l.svg\u001b[39m","time":"2016-02-15T09:11:17.872Z","v":0}
{"name":"hexo","hostname":"ycymiodeMacBook-Pro.local","pid":10120,"level":20,"msg":"Processed: \u001b[35msource/images/placeholder.gif\u001b[39m","time":"2016-02-15T09:11:17.873Z","v":0}
{"name":"hexo","hostname":"ycymiodeMacBook-Pro.local","pid":10120,"level":20,"msg":"Processed: \u001b[35msource/images/loading.gif\u001b[39m","time":"2016-02-15T09:11:17.873Z","v":0}
{"name":"hexo","hostname":"ycymiodeMacBook-Pro.local","pid":10120,"level":20,"msg":"Processed: \u001b[35msource/images/quote-r.svg\u001b[39m","time":"2016-02-15T09:11:17.874Z","v":0}
{"name":"hexo","hostname":"ycymiodeMacBook-Pro.local","pid":10120,"level":20,"msg":"Processed: \u001b[35msource/images/cc-by-sa.svg\u001b[39m","time":"2016-02-15T09:11:17.875Z","v":0}
{"name":"hexo","hostname":"ycymiodeMacBook-Pro.local","pid":10120,"level":20,"msg":"Processed: \u001b[35msource/images/cc-by.svg\u001b[39m","time":"2016-02-15T09:11:17.877Z","v":0}
{"name":"hexo","hostname":"ycymiodeMacBook-Pro.local","pid":10120,"level":20,"msg":"Processed: \u001b[35msource/images/cc-zero.svg\u001b[39m","time":"2016-02-15T09:11:17.878Z","v":0}
{"name":"hexo","hostname":"ycymiodeMacBook-Pro.local","pid":10120,"level":20,"msg":"Processed: \u001b[35msource/images/cc-by-nd.svg\u001b[39m","time":"2016-02-15T09:11:17.879Z","v":0}
{"name":"hexo","hostname":"ycymiodeMacBook-Pro.local","pid":10120,"level":20,"msg":"Processed: \u001b[35msource/images/cc-by-nc-nd.svg\u001b[39m","time":"2016-02-15T09:11:17.880Z","v":0}
{"name":"hexo","hostname":"ycymiodeMacBook-Pro.local","pid":10120,"level":20,"msg":"Processed: \u001b[35msource/images/cc-by-nc.svg\u001b[39m","time":"2016-02-15T09:11:17.880Z","v":0}
{"name":"hexo","hostname":"ycymiodeMacBook-Pro.local","pid":10120,"level":20,"msg":"Processed: \u001b[35msource/images/cc-by-nc-sa.svg\u001b[39m","time":"2016-02-15T09:11:17.880Z","v":0}
{"name":"hexo","hostname":"ycymiodeMacBook-Pro.local","pid":10120,"level":20,"msg":"Processed: \u001b[35msource/favicon.ico\u001b[39m","time":"2016-02-15T09:11:17.881Z","v":0}
{"name":"hexo","hostname":"ycymiodeMacBook-Pro.local","pid":10120,"level":20,"msg":"Processed: \u001b[35msource/css/main.styl\u001b[39m","time":"2016-02-15T09:11:17.881Z","v":0}
{"name":"hexo","hostname":"ycymiodeMacBook-Pro.local","pid":10120,"level":20,"msg":"Processed: \u001b[35mlayout/index.swig\u001b[39m","time":"2016-02-15T09:11:17.886Z","v":0}
{"name":"hexo","hostname":"ycymiodeMacBook-Pro.local","pid":10120,"level":20,"msg":"Processed: \u001b[35mlayout/post.swig\u001b[39m","time":"2016-02-15T09:11:17.888Z","v":0}
{"name":"hexo","hostname":"ycymiodeMacBook-Pro.local","pid":10120,"level":20,"msg":"Processed: \u001b[35mlayout/page.swig\u001b[39m","time":"2016-02-15T09:11:17.890Z","v":0}
{"name":"hexo","hostname":"ycymiodeMacBook-Pro.local","pid":10120,"level":20,"msg":"Processed: \u001b[35mlayout/tag.swig\u001b[39m","time":"2016-02-15T09:11:17.890Z","v":0}
{"name":"hexo","hostname":"ycymiodeMacBook-Pro.local","pid":10120,"level":20,"msg":"Processed: \u001b[35mlayout/category.swig\u001b[39m","time":"2016-02-15T09:11:17.891Z","v":0}
{"name":"hexo","hostname":"ycymiodeMacBook-Pro.local","pid":10120,"level":20,"msg":"Processed: \u001b[35mlayout/archive.swig\u001b[39m","time":"2016-02-15T09:11:17.892Z","v":0}
{"name":"hexo","hostname":"ycymiodeMacBook-Pro.local","pid":10120,"level":20,"msg":"Processed: \u001b[35mlayout/_scripts/pages/post-details.swig\u001b[39m","time":"2016-02-15T09:11:17.892Z","v":0}
{"name":"hexo","hostname":"ycymiodeMacBook-Pro.local","pid":10120,"level":20,"msg":"Processed: \u001b[35mlayout/_scripts/tinysou.swig\u001b[39m","time":"2016-02-15T09:11:17.892Z","v":0}
{"name":"hexo","hostname":"ycymiodeMacBook-Pro.local","pid":10120,"level":20,"msg":"Processed: \u001b[35mlayout/_scripts/bootstrap.scrollspy.swig\u001b[39m","time":"2016-02-15T09:11:17.893Z","v":0}
{"name":"hexo","hostname":"ycymiodeMacBook-Pro.local","pid":10120,"level":20,"msg":"Processed: \u001b[35mlayout/_scripts/motion.swig\u001b[39m","time":"2016-02-15T09:11:17.893Z","v":0}
{"name":"hexo","hostname":"ycymiodeMacBook-Pro.local","pid":10120,"level":20,"msg":"Processed: \u001b[35mlayout/_scripts/mathjax.swig\u001b[39m","time":"2016-02-15T09:11:17.893Z","v":0}
{"name":"hexo","hostname":"ycymiodeMacBook-Pro.local","pid":10120,"level":20,"msg":"Processed: \u001b[35mlayout/_scripts/helpers.swig\u001b[39m","time":"2016-02-15T09:11:17.894Z","v":0}
{"name":"hexo","hostname":"ycymiodeMacBook-Pro.local","pid":10120,"level":20,"msg":"Processed: \u001b[35mlayout/_scripts/fancy-box.swig\u001b[39m","time":"2016-02-15T09:11:17.894Z","v":0}
{"name":"hexo","hostname":"ycymiodeMacBook-Pro.local","pid":10120,"level":20,"msg":"Processed: \u001b[35mlayout/_scripts/comments/duoshuo.swig\u001b[39m","time":"2016-02-15T09:11:17.895Z","v":0}
{"name":"hexo","hostname":"ycymiodeMacBook-Pro.local","pid":10120,"level":20,"msg":"Processed: \u001b[35mlayout/_scripts/comments/disqus.swig\u001b[39m","time":"2016-02-15T09:11:17.895Z","v":0}
{"name":"hexo","hostname":"ycymiodeMacBook-Pro.local","pid":10120,"level":20,"msg":"Processed: \u001b[35mlayout/_partials/share/jiathis.swig\u001b[39m","time":"2016-02-15T09:11:17.895Z","v":0}
{"name":"hexo","hostname":"ycymiodeMacBook-Pro.local","pid":10120,"level":20,"msg":"Processed: \u001b[35mlayout/_scripts/baidushare.swig\u001b[39m","time":"2016-02-15T09:11:17.896Z","v":0}
{"name":"hexo","hostname":"ycymiodeMacBook-Pro.local","pid":10120,"level":20,"msg":"Processed: \u001b[35mlayout/_scripts/analytics/facebook-sdk.swig\u001b[39m","time":"2016-02-15T09:11:17.896Z","v":0}
{"name":"hexo","hostname":"ycymiodeMacBook-Pro.local","pid":10120,"level":20,"msg":"Processed: \u001b[35mlayout/_scripts/analytics.swig\u001b[39m","time":"2016-02-15T09:11:17.897Z","v":0}
{"name":"hexo","hostname":"ycymiodeMacBook-Pro.local","pid":10120,"level":20,"msg":"Processed: \u001b[35mlayout/_partials/share/duoshuo_share.swig\u001b[39m","time":"2016-02-15T09:11:17.897Z","v":0}
{"name":"hexo","hostname":"ycymiodeMacBook-Pro.local","pid":10120,"level":20,"msg":"Processed: \u001b[35mlayout/_partials/search/tinysou.swig\u001b[39m","time":"2016-02-15T09:11:17.898Z","v":0}
{"name":"hexo","hostname":"ycymiodeMacBook-Pro.local","pid":10120,"level":20,"msg":"Processed: \u001b[35mlayout/_scripts/analytics/baidu-analytics.swig\u001b[39m","time":"2016-02-15T09:11:17.898Z","v":0}
{"name":"hexo","hostname":"ycymiodeMacBook-Pro.local","pid":10120,"level":20,"msg":"Processed: \u001b[35mlayout/_partials/search.swig\u001b[39m","time":"2016-02-15T09:11:17.899Z","v":0}
{"name":"hexo","hostname":"ycymiodeMacBook-Pro.local","pid":10120,"level":20,"msg":"Processed: \u001b[35mlayout/_partials/search/swiftype.swig\u001b[39m","time":"2016-02-15T09:11:17.899Z","v":0}
{"name":"hexo","hostname":"ycymiodeMacBook-Pro.local","pid":10120,"level":20,"msg":"Processed: \u001b[35mlayout/_partials/pagination.swig\u001b[39m","time":"2016-02-15T09:11:17.900Z","v":0}
{"name":"hexo","hostname":"ycymiodeMacBook-Pro.local","pid":10120,"level":20,"msg":"Processed: \u001b[35mlayout/_partials/old-browsers.swig\u001b[39m","time":"2016-02-15T09:11:17.900Z","v":0}
{"name":"hexo","hostname":"ycymiodeMacBook-Pro.local","pid":10120,"level":20,"msg":"Processed: \u001b[35mlayout/_partials/header.swig\u001b[39m","time":"2016-02-15T09:11:17.900Z","v":0}
{"name":"hexo","hostname":"ycymiodeMacBook-Pro.local","pid":10120,"level":20,"msg":"Processed: \u001b[35mlayout/_partials/head.swig\u001b[39m","time":"2016-02-15T09:11:17.902Z","v":0}
{"name":"hexo","hostname":"ycymiodeMacBook-Pro.local","pid":10120,"level":20,"msg":"Processed: \u001b[35mlayout/_partials/footer.swig\u001b[39m","time":"2016-02-15T09:11:17.903Z","v":0}
{"name":"hexo","hostname":"ycymiodeMacBook-Pro.local","pid":10120,"level":20,"msg":"Processed: \u001b[35mlayout/_partials/duoshuo-hot-articles.swig\u001b[39m","time":"2016-02-15T09:11:17.904Z","v":0}
{"name":"hexo","hostname":"ycymiodeMacBook-Pro.local","pid":10120,"level":20,"msg":"Processed: \u001b[35mlayout/_partials/comments.swig\u001b[39m","time":"2016-02-15T09:11:17.904Z","v":0}
{"name":"hexo","hostname":"ycymiodeMacBook-Pro.local","pid":10120,"level":20,"msg":"Processed: \u001b[35mlayout/_macro/post-collapse.swig\u001b[39m","time":"2016-02-15T09:11:17.905Z","v":0}
{"name":"hexo","hostname":"ycymiodeMacBook-Pro.local","pid":10120,"level":20,"msg":"Processed: \u001b[35mlayout/_macro/sidebar.swig\u001b[39m","time":"2016-02-15T09:11:17.905Z","v":0}
{"name":"hexo","hostname":"ycymiodeMacBook-Pro.local","pid":10120,"level":20,"msg":"Processed: \u001b[35mlanguages/zh-hk.yml\u001b[39m","time":"2016-02-15T09:11:17.908Z","v":0}
{"name":"hexo","hostname":"ycymiodeMacBook-Pro.local","pid":10120,"level":20,"msg":"Processed: \u001b[35mlayout/_macro/post.swig\u001b[39m","time":"2016-02-15T09:11:17.910Z","v":0}
{"name":"hexo","hostname":"ycymiodeMacBook-Pro.local","pid":10120,"level":20,"msg":"Processed: \u001b[35mlayout/_layout.swig\u001b[39m","time":"2016-02-15T09:11:17.910Z","v":0}
{"name":"hexo","hostname":"ycymiodeMacBook-Pro.local","pid":10120,"level":20,"msg":"Processed: \u001b[35mlanguages/pt.yml\u001b[39m","time":"2016-02-15T09:11:17.914Z","v":0}
{"name":"hexo","hostname":"ycymiodeMacBook-Pro.local","pid":10120,"level":20,"msg":"Processed: \u001b[35mlanguages/zh-tw.yml\u001b[39m","time":"2016-02-15T09:11:17.918Z","v":0}
{"name":"hexo","hostname":"ycymiodeMacBook-Pro.local","pid":10120,"level":20,"msg":"Processed: \u001b[35mlanguages/fr-FR.yml\u001b[39m","time":"2016-02-15T09:11:17.919Z","v":0}
{"name":"hexo","hostname":"ycymiodeMacBook-Pro.local","pid":10120,"level":20,"msg":"Processed: \u001b[35mlanguages/zh-CN.yml\u001b[39m","time":"2016-02-15T09:11:17.920Z","v":0}
{"name":"hexo","hostname":"ycymiodeMacBook-Pro.local","pid":10120,"level":20,"msg":"Processed: \u001b[35mlanguages/en.yml\u001b[39m","time":"2016-02-15T09:11:17.926Z","v":0}
{"name":"hexo","hostname":"ycymiodeMacBook-Pro.local","pid":10120,"level":20,"msg":"Processed: \u001b[35mlanguages/ru.yml\u001b[39m","time":"2016-02-15T09:11:17.928Z","v":0}
{"name":"hexo","hostname":"ycymiodeMacBook-Pro.local","pid":10120,"level":20,"msg":"Processed: \u001b[35mlanguages/de.yml\u001b[39m","time":"2016-02-15T09:11:17.929Z","v":0}
{"name":"hexo","hostname":"ycymiodeMacBook-Pro.local","pid":10120,"level":20,"msg":"Processed: \u001b[35mlanguages/default.yml\u001b[39m","time":"2016-02-15T09:11:17.930Z","v":0}
{"name":"hexo","hostname":"ycymiodeMacBook-Pro.local","pid":10120,"level":20,"msg":"Theme config loaded.","time":"2016-02-15T09:11:17.931Z","v":0}
{"name":"hexo","hostname":"ycymiodeMacBook-Pro.local","pid":10120,"level":20,"msg":"Processed: \u001b[35m_config.yml\u001b[39m","time":"2016-02-15T09:11:17.931Z","v":0}
{"name":"hexo","hostname":"ycymiodeMacBook-Pro.local","pid":10120,"level":20,"msg":"Processed: \u001b[35msource/vendors/ua-parser-js/dist/ua-parser.pack.js\u001b[39m","time":"2016-02-15T09:11:17.932Z","v":0}
{"name":"hexo","hostname":"ycymiodeMacBook-Pro.local","pid":10120,"level":20,"msg":"Processed: \u001b[35msource/vendors/ua-parser-js/dist/ua-parser.min.js\u001b[39m","time":"2016-02-15T09:11:17.932Z","v":0}
{"name":"hexo","hostname":"ycymiodeMacBook-Pro.local","pid":10120,"level":20,"msg":"Processed: \u001b[35msource/js/src/utils.js\u001b[39m","time":"2016-02-15T09:11:17.933Z","v":0}
{"name":"hexo","hostname":"ycymiodeMacBook-Pro.local","pid":10120,"level":20,"msg":"Processed: \u001b[35msource/js/src/scrollspy.js\u001b[39m","time":"2016-02-15T09:11:17.933Z","v":0}
{"name":"hexo","hostname":"ycymiodeMacBook-Pro.local","pid":10120,"level":20,"msg":"Processed: \u001b[35msource/js/src/schemes/pisces.js\u001b[39m","time":"2016-02-15T09:11:17.933Z","v":0}
{"name":"hexo","hostname":"ycymiodeMacBook-Pro.local","pid":10120,"level":20,"msg":"Processed: \u001b[35msource/js/src/motion.js\u001b[39m","time":"2016-02-15T09:11:17.934Z","v":0}
{"name":"hexo","hostname":"ycymiodeMacBook-Pro.local","pid":10120,"level":20,"msg":"Processed: \u001b[35msource/js/src/hook-duoshuo.js\u001b[39m","time":"2016-02-15T09:11:17.934Z","v":0}
{"name":"hexo","hostname":"ycymiodeMacBook-Pro.local","pid":10120,"level":20,"msg":"Processed: \u001b[35msource/js/src/bootstrap.js\u001b[39m","time":"2016-02-15T09:11:17.935Z","v":0}
{"name":"hexo","hostname":"ycymiodeMacBook-Pro.local","pid":10120,"level":20,"msg":"Processed: \u001b[35msource/js/src/affix.js\u001b[39m","time":"2016-02-15T09:11:17.935Z","v":0}
{"name":"hexo","hostname":"ycymiodeMacBook-Pro.local","pid":10120,"level":20,"msg":"Processed: \u001b[35mlayout/_scripts/vendors.swig\u001b[39m","time":"2016-02-15T09:11:17.938Z","v":0}
{"name":"hexo","hostname":"ycymiodeMacBook-Pro.local","pid":10120,"level":20,"msg":"Processed: \u001b[35mlayout/_scripts/third-party/tinysou.swig\u001b[39m","time":"2016-02-15T09:11:17.938Z","v":0}
{"name":"hexo","hostname":"ycymiodeMacBook-Pro.local","pid":10120,"level":20,"msg":"Processed: \u001b[35mlayout/_scripts/third-party/mathjax.swig\u001b[39m","time":"2016-02-15T09:11:17.939Z","v":0}
{"name":"hexo","hostname":"ycymiodeMacBook-Pro.local","pid":10120,"level":20,"msg":"Processed: \u001b[35mlayout/_scripts/third-party/lean-analytics.swig\u001b[39m","time":"2016-02-15T09:11:17.939Z","v":0}
{"name":"hexo","hostname":"ycymiodeMacBook-Pro.local","pid":10120,"level":20,"msg":"Processed: \u001b[35mlayout/_scripts/third-party/comments.swig\u001b[39m","time":"2016-02-15T09:11:17.939Z","v":0}
{"name":"hexo","hostname":"ycymiodeMacBook-Pro.local","pid":10120,"level":20,"msg":"Processed: \u001b[35mlayout/_scripts/third-party/comments/duoshuo.swig\u001b[39m","time":"2016-02-15T09:11:17.940Z","v":0}
{"name":"hexo","hostname":"ycymiodeMacBook-Pro.local","pid":10120,"level":20,"msg":"Processed: \u001b[35mlayout/_scripts/third-party/comments/disqus.swig\u001b[39m","time":"2016-02-15T09:11:17.942Z","v":0}
{"name":"hexo","hostname":"ycymiodeMacBook-Pro.local","pid":10120,"level":20,"msg":"Processed: \u001b[35mlayout/_scripts/third-party/baidushare.swig\u001b[39m","time":"2016-02-15T09:11:17.942Z","v":0}
{"name":"hexo","hostname":"ycymiodeMacBook-Pro.local","pid":10120,"level":20,"msg":"Processed: \u001b[35mlayout/_scripts/third-party/analytics.swig\u001b[39m","time":"2016-02-15T09:11:17.943Z","v":0}
{"name":"hexo","hostname":"ycymiodeMacBook-Pro.local","pid":10120,"level":20,"msg":"Processed: \u001b[35mlayout/_scripts/third-party/analytics/tencent-analytics.swig\u001b[39m","time":"2016-02-15T09:11:17.944Z","v":0}
{"name":"hexo","hostname":"ycymiodeMacBook-Pro.local","pid":10120,"level":20,"msg":"Processed: \u001b[35mlayout/_scripts/third-party/analytics/google-analytics.swig\u001b[39m","time":"2016-02-15T09:11:17.944Z","v":0}
{"name":"hexo","hostname":"ycymiodeMacBook-Pro.local","pid":10120,"level":20,"msg":"Processed: \u001b[35mlayout/_scripts/third-party/analytics/facebook-sdk.swig\u001b[39m","time":"2016-02-15T09:11:17.945Z","v":0}
{"name":"hexo","hostname":"ycymiodeMacBook-Pro.local","pid":10120,"level":20,"msg":"Processed: \u001b[35mlayout/_scripts/third-party/analytics/baidu-analytics.swig\u001b[39m","time":"2016-02-15T09:11:17.946Z","v":0}
{"name":"hexo","hostname":"ycymiodeMacBook-Pro.local","pid":10120,"level":20,"msg":"Processed: \u001b[35mlayout/_scripts/schemes/pisces.swig\u001b[39m","time":"2016-02-15T09:11:17.946Z","v":0}
{"name":"hexo","hostname":"ycymiodeMacBook-Pro.local","pid":10120,"level":20,"msg":"Processed: \u001b[35mlayout/_scripts/schemes/muse.swig\u001b[39m","time":"2016-02-15T09:11:17.947Z","v":0}
{"name":"hexo","hostname":"ycymiodeMacBook-Pro.local","pid":10120,"level":20,"msg":"Processed: \u001b[35mlayout/_scripts/schemes/mist.swig\u001b[39m","time":"2016-02-15T09:11:17.947Z","v":0}
{"name":"hexo","hostname":"ycymiodeMacBook-Pro.local","pid":10120,"level":20,"msg":"Processed: \u001b[35mlayout/_scripts/commons.swig\u001b[39m","time":"2016-02-15T09:11:17.948Z","v":0}
{"name":"hexo","hostname":"ycymiodeMacBook-Pro.local","pid":10120,"level":20,"msg":"Processed: \u001b[35mlayout/_scripts/boostrap.swig\u001b[39m","time":"2016-02-15T09:11:17.948Z","v":0}
{"name":"hexo","hostname":"ycymiodeMacBook-Pro.local","pid":10120,"level":20,"msg":"Processed: \u001b[35mlayout/_partials/share/add-this.swig\u001b[39m","time":"2016-02-15T09:11:17.949Z","v":0}
{"name":"hexo","hostname":"ycymiodeMacBook-Pro.local","pid":10120,"level":20,"msg":"Processed: \u001b[35mlanguages/zh-Hans.yml\u001b[39m","time":"2016-02-15T09:11:17.950Z","v":0}
{"name":"hexo","hostname":"ycymiodeMacBook-Pro.local","pid":10120,"level":20,"msg":"Generator: \u001b[35mpage\u001b[39m","time":"2016-02-15T09:11:18.215Z","v":0}
{"name":"hexo","hostname":"ycymiodeMacBook-Pro.local","pid":10120,"level":20,"msg":"Generator: \u001b[35mpost\u001b[39m","time":"2016-02-15T09:11:18.215Z","v":0}
{"name":"hexo","hostname":"ycymiodeMacBook-Pro.local","pid":10120,"level":20,"msg":"Generator: \u001b[35marchive\u001b[39m","time":"2016-02-15T09:11:18.215Z","v":0}
{"name":"hexo","hostname":"ycymiodeMacBook-Pro.local","pid":10120,"level":20,"msg":"Generator: \u001b[35mcategory\u001b[39m","time":"2016-02-15T09:11:18.216Z","v":0}
{"name":"hexo","hostname":"ycymiodeMacBook-Pro.local","pid":10120,"level":20,"msg":"Generator: \u001b[35mindex\u001b[39m","time":"2016-02-15T09:11:18.216Z","v":0}
{"name":"hexo","hostname":"ycymiodeMacBook-Pro.local","pid":10120,"level":20,"msg":"Generator: \u001b[35mtag\u001b[39m","time":"2016-02-15T09:11:18.216Z","v":0}
{"name":"hexo","hostname":"ycymiodeMacBook-Pro.local","pid":10120,"level":20,"msg":"Generator: \u001b[35masset\u001b[39m","time":"2016-02-15T09:11:18.217Z","v":0}
{"name":"hexo","hostname":"ycymiodeMacBook-Pro.local","pid":10120,"level":30,"msg":"Hexo is running at \u001b[4mhttp://0.0.0.0:4000/blog/\u001b[24m. Press Ctrl+C to stop.","time":"2016-02-15T09:11:18.223Z","v":0}
{"name":"hexo","hostname":"ycymiodeMacBook-Pro.local","pid":10120,"level":20,"msg":"Database saved","time":"2016-02-15T09:11:18.244Z","v":0}
{"name":"hexo","hostname":"ycymiodeMacBook-Pro.local","pid":10120,"level":20,"msg":"Rendering index: \u001b[35mindex.html\u001b[39m","time":"2016-02-15T09:11:25.380Z","v":0}
{"name":"hexo","hostname":"ycymiodeMacBook-Pro.local","pid":10120,"level":30,"msg":"Good bye","time":"2016-02-15T09:11:52.653Z","v":0}
{"name":"hexo","hostname":"ycymiodeMacBook-Pro.local","pid":10120,"level":20,"msg":"Database saved","time":"2016-02-15T09:11:52.667Z","v":0}
